The system is: Linux - 4.4.40-1-lts - x86_64
Compiling the C compiler identification source file "CMakeCCompilerId.c" succeeded.
Compiler: /usr/bin/cc 
Build flags: 
Id flags: 

The output was:
0


Compilation of the C compiler identification source "CMakeCCompilerId.c" produced "a.out"

The C compiler identification is GNU, found in "/home/ruhtra/Downloads/test/E4-Algo_geo/CMakeFiles/3.7.1/CompilerIdC/a.out"

Compiling the CXX compiler identification source file "CMakeCXXCompilerId.cpp" succeeded.
Compiler: /usr/bin/c++ 
Build flags: 
Id flags: 

The output was:
0


Compilation of the CXX compiler identification source "CMakeCXXCompilerId.cpp" produced "a.out"

The CXX compiler identification is GNU, found in "/home/ruhtra/Downloads/test/E4-Algo_geo/CMakeFiles/3.7.1/CompilerIdCXX/a.out"

Determining if the C compiler works passed with the following output:
Change Dir: /home/ruhtra/Downloads/test/E4-Algo_geo/CMakeFiles/CMakeTmp

Run Build Command:"/usr/bin/make" "cmTC_3a198/fast"
/usr/bin/make -f CMakeFiles/cmTC_3a198.dir/build.make CMakeFiles/cmTC_3a198.dir/build
make[1]: Entering directory '/home/ruhtra/Downloads/test/E4-Algo_geo/CMakeFiles/CMakeTmp'
Building C object CMakeFiles/cmTC_3a198.dir/testCCompiler.c.o
/usr/bin/cc     -o CMakeFiles/cmTC_3a198.dir/testCCompiler.c.o   -c /home/ruhtra/Downloads/test/E4-Algo_geo/CMakeFiles/CMakeTmp/testCCompiler.c
Linking C executable cmTC_3a198
/usr/bin/cmake -E cmake_link_script CMakeFiles/cmTC_3a198.dir/link.txt --verbose=1
/usr/bin/cc       CMakeFiles/cmTC_3a198.dir/testCCompiler.c.o  -o cmTC_3a198 -rdynamic 
make[1]: Leaving directory '/home/ruhtra/Downloads/test/E4-Algo_geo/CMakeFiles/CMakeTmp'


Detecting C compiler ABI info compiled with the following output:
Change Dir: /home/ruhtra/Downloads/test/E4-Algo_geo/CMakeFiles/CMakeTmp

Run Build Command:"/usr/bin/make" "cmTC_ca603/fast"
/usr/bin/make -f CMakeFiles/cmTC_ca603.dir/build.make CMakeFiles/cmTC_ca603.dir/build
make[1]: Entering directory '/home/ruhtra/Downloads/test/E4-Algo_geo/CMakeFiles/CMakeTmp'
Building C object CMakeFiles/cmTC_ca603.dir/CMakeCCompilerABI.c.o
/usr/bin/cc     -o CMakeFiles/cmTC_ca603.dir/CMakeCCompilerABI.c.o   -c /usr/share/cmake-3.7/Modules/CMakeCCompilerABI.c
Linking C executable cmTC_ca603
/usr/bin/cmake -E cmake_link_script CMakeFiles/cmTC_ca603.dir/link.txt --verbose=1
/usr/bin/cc      -v CMakeFiles/cmTC_ca603.dir/CMakeCCompilerABI.c.o  -o cmTC_ca603 -rdynamic  
Using built-in specs.
COLLECT_GCC=/usr/bin/cc
COLLECT_LTO_WRAPPER=/usr/lib/gcc/x86_64-pc-linux-gnu/6.2.1/lto-wrapper
Target: x86_64-pc-linux-gnu
Configured with: /build/gcc-multilib/src/gcc/configure --prefix=/usr --libdir=/usr/lib --libexecdir=/usr/lib --mandir=/usr/share/man --infodir=/usr/share/info --with-bugurl=https://bugs.archlinux.org/ --enable-languages=c,c++,ada,fortran,go,lto,objc,obj-c++ --enable-shared --enable-threads=posix --enable-libmpx --with-system-zlib --with-isl --enable-__cxa_atexit --disable-libunwind-exceptions --enable-clocale=gnu --disable-libstdcxx-pch --disable-libssp --enable-gnu-unique-object --enable-linker-build-id --enable-lto --enable-plugin --enable-install-libiberty --with-linker-hash-style=gnu --enable-gnu-indirect-function --enable-multilib --disable-werror --enable-checking=release
Thread model: posix
gcc version 6.2.1 20160830 (GCC) 
COMPILER_PATH=/usr/lib/gcc/x86_64-pc-linux-gnu/6.2.1/:/usr/lib/gcc/x86_64-pc-linux-gnu/6.2.1/:/usr/lib/gcc/x86_64-pc-linux-gnu/:/usr/lib/gcc/x86_64-pc-linux-gnu/6.2.1/:/usr/lib/gcc/x86_64-pc-linux-gnu/
LIBRARY_PATH=/usr/lib/gcc/x86_64-pc-linux-gnu/6.2.1/:/usr/lib/gcc/x86_64-pc-linux-gnu/6.2.1/../../../../lib/:/lib/../lib/:/usr/lib/../lib/:/usr/lib/gcc/x86_64-pc-linux-gnu/6.2.1/../../../:/lib/:/usr/lib/
COLLECT_GCC_OPTIONS='-v' '-o' 'cmTC_ca603' '-rdynamic' '-mtune=generic' '-march=x86-64'
 /usr/lib/gcc/x86_64-pc-linux-gnu/6.2.1/collect2 -plugin /usr/lib/gcc/x86_64-pc-linux-gnu/6.2.1/liblto_plugin.so -plugin-opt=/usr/lib/gcc/x86_64-pc-linux-gnu/6.2.1/lto-wrapper -plugin-opt=-fresolution=/tmp/ccpL2tq7.res -plugin-opt=-pass-through=-lgcc -plugin-opt=-pass-through=-lgcc_s -plugin-opt=-pass-through=-lc -plugin-opt=-pass-through=-lgcc -plugin-opt=-pass-through=-lgcc_s --build-id --eh-frame-hdr --hash-style=gnu -m elf_x86_64 -export-dynamic -dynamic-linker /lib64/ld-linux-x86-64.so.2 -o cmTC_ca603 /usr/lib/gcc/x86_64-pc-linux-gnu/6.2.1/../../../../lib/crt1.o /usr/lib/gcc/x86_64-pc-linux-gnu/6.2.1/../../../../lib/crti.o /usr/lib/gcc/x86_64-pc-linux-gnu/6.2.1/crtbegin.o -L/usr/lib/gcc/x86_64-pc-linux-gnu/6.2.1 -L/usr/lib/gcc/x86_64-pc-linux-gnu/6.2.1/../../../../lib -L/lib/../lib -L/usr/lib/../lib -L/usr/lib/gcc/x86_64-pc-linux-gnu/6.2.1/../../.. CMakeFiles/cmTC_ca603.dir/CMakeCCompilerABI.c.o -lgcc --as-needed -lgcc_s --no-as-needed -lc -lgcc --as-needed -lgcc_s --no-as-needed /usr/lib/gcc/x86_64-pc-linux-gnu/6.2.1/crtend.o /usr/lib/gcc/x86_64-pc-linux-gnu/6.2.1/../../../../lib/crtn.o
COLLECT_GCC_OPTIONS='-v' '-o' 'cmTC_ca603' '-rdynamic' '-mtune=generic' '-march=x86-64'
make[1]: Leaving directory '/home/ruhtra/Downloads/test/E4-Algo_geo/CMakeFiles/CMakeTmp'


Parsed C implicit link information from above output:
  link line regex: [^( *|.*[/\])(ld|([^/\]+-)?ld|collect2)[^/\]*( |$)]
  ignore line: [Change Dir: /home/ruhtra/Downloads/test/E4-Algo_geo/CMakeFiles/CMakeTmp]
  ignore line: []
  ignore line: [Run Build Command:"/usr/bin/make" "cmTC_ca603/fast"]
  ignore line: [/usr/bin/make -f CMakeFiles/cmTC_ca603.dir/build.make CMakeFiles/cmTC_ca603.dir/build]
  ignore line: [make[1]: Entering directory '/home/ruhtra/Downloads/test/E4-Algo_geo/CMakeFiles/CMakeTmp']
  ignore line: [Building C object CMakeFiles/cmTC_ca603.dir/CMakeCCompilerABI.c.o]
  ignore line: [/usr/bin/cc     -o CMakeFiles/cmTC_ca603.dir/CMakeCCompilerABI.c.o   -c /usr/share/cmake-3.7/Modules/CMakeCCompilerABI.c]
  ignore line: [Linking C executable cmTC_ca603]
  ignore line: [/usr/bin/cmake -E cmake_link_script CMakeFiles/cmTC_ca603.dir/link.txt --verbose=1]
  ignore line: [/usr/bin/cc      -v CMakeFiles/cmTC_ca603.dir/CMakeCCompilerABI.c.o  -o cmTC_ca603 -rdynamic  ]
  ignore line: [Using built-in specs.]
  ignore line: [COLLECT_GCC=/usr/bin/cc]
  ignore line: [COLLECT_LTO_WRAPPER=/usr/lib/gcc/x86_64-pc-linux-gnu/6.2.1/lto-wrapper]
  ignore line: [Target: x86_64-pc-linux-gnu]
  ignore line: [Configured with: /build/gcc-multilib/src/gcc/configure --prefix=/usr --libdir=/usr/lib --libexecdir=/usr/lib --mandir=/usr/share/man --infodir=/usr/share/info --with-bugurl=https://bugs.archlinux.org/ --enable-languages=c,c++,ada,fortran,go,lto,objc,obj-c++ --enable-shared --enable-threads=posix --enable-libmpx --with-system-zlib --with-isl --enable-__cxa_atexit --disable-libunwind-exceptions --enable-clocale=gnu --disable-libstdcxx-pch --disable-libssp --enable-gnu-unique-object --enable-linker-build-id --enable-lto --enable-plugin --enable-install-libiberty --with-linker-hash-style=gnu --enable-gnu-indirect-function --enable-multilib --disable-werror --enable-checking=release]
  ignore line: [Thread model: posix]
  ignore line: [gcc version 6.2.1 20160830 (GCC) ]
  ignore line: [COMPILER_PATH=/usr/lib/gcc/x86_64-pc-linux-gnu/6.2.1/:/usr/lib/gcc/x86_64-pc-linux-gnu/6.2.1/:/usr/lib/gcc/x86_64-pc-linux-gnu/:/usr/lib/gcc/x86_64-pc-linux-gnu/6.2.1/:/usr/lib/gcc/x86_64-pc-linux-gnu/]
  ignore line: [LIBRARY_PATH=/usr/lib/gcc/x86_64-pc-linux-gnu/6.2.1/:/usr/lib/gcc/x86_64-pc-linux-gnu/6.2.1/../../../../lib/:/lib/../lib/:/usr/lib/../lib/:/usr/lib/gcc/x86_64-pc-linux-gnu/6.2.1/../../../:/lib/:/usr/lib/]
  ignore line: [COLLECT_GCC_OPTIONS='-v' '-o' 'cmTC_ca603' '-rdynamic' '-mtune=generic' '-march=x86-64']
  link line: [ /usr/lib/gcc/x86_64-pc-linux-gnu/6.2.1/collect2 -plugin /usr/lib/gcc/x86_64-pc-linux-gnu/6.2.1/liblto_plugin.so -plugin-opt=/usr/lib/gcc/x86_64-pc-linux-gnu/6.2.1/lto-wrapper -plugin-opt=-fresolution=/tmp/ccpL2tq7.res -plugin-opt=-pass-through=-lgcc -plugin-opt=-pass-through=-lgcc_s -plugin-opt=-pass-through=-lc -plugin-opt=-pass-through=-lgcc -plugin-opt=-pass-through=-lgcc_s --build-id --eh-frame-hdr --hash-style=gnu -m elf_x86_64 -export-dynamic -dynamic-linker /lib64/ld-linux-x86-64.so.2 -o cmTC_ca603 /usr/lib/gcc/x86_64-pc-linux-gnu/6.2.1/../../../../lib/crt1.o /usr/lib/gcc/x86_64-pc-linux-gnu/6.2.1/../../../../lib/crti.o /usr/lib/gcc/x86_64-pc-linux-gnu/6.2.1/crtbegin.o -L/usr/lib/gcc/x86_64-pc-linux-gnu/6.2.1 -L/usr/lib/gcc/x86_64-pc-linux-gnu/6.2.1/../../../../lib -L/lib/../lib -L/usr/lib/../lib -L/usr/lib/gcc/x86_64-pc-linux-gnu/6.2.1/../../.. CMakeFiles/cmTC_ca603.dir/CMakeCCompilerABI.c.o -lgcc --as-needed -lgcc_s --no-as-needed -lc -lgcc --as-needed -lgcc_s --no-as-needed /usr/lib/gcc/x86_64-pc-linux-gnu/6.2.1/crtend.o /usr/lib/gcc/x86_64-pc-linux-gnu/6.2.1/../../../../lib/crtn.o]
    arg [/usr/lib/gcc/x86_64-pc-linux-gnu/6.2.1/collect2] ==> ignore
    arg [-plugin] ==> ignore
    arg [/usr/lib/gcc/x86_64-pc-linux-gnu/6.2.1/liblto_plugin.so] ==> ignore
    arg [-plugin-opt=/usr/lib/gcc/x86_64-pc-linux-gnu/6.2.1/lto-wrapper] ==> ignore
    arg [-plugin-opt=-fresolution=/tmp/ccpL2tq7.res] ==> ignore
    arg [-plugin-opt=-pass-through=-lgcc] ==> ignore
    arg [-plugin-opt=-pass-through=-lgcc_s] ==> ignore
    arg [-plugin-opt=-pass-through=-lc] ==> ignore
    arg [-plugin-opt=-pass-through=-lgcc] ==> ignore
    arg [-plugin-opt=-pass-through=-lgcc_s] ==> ignore
    arg [--build-id] ==> ignore
    arg [--eh-frame-hdr] ==> ignore
    arg [--hash-style=gnu] ==> ignore
    arg [-m] ==> ignore
    arg [elf_x86_64] ==> ignore
    arg [-export-dynamic] ==> ignore
    arg [-dynamic-linker] ==> ignore
    arg [/lib64/ld-linux-x86-64.so.2] ==> ignore
    arg [-o] ==> ignore
    arg [cmTC_ca603] ==> ignore
    arg [/usr/lib/gcc/x86_64-pc-linux-gnu/6.2.1/../../../../lib/crt1.o] ==> ignore
    arg [/usr/lib/gcc/x86_64-pc-linux-gnu/6.2.1/../../../../lib/crti.o] ==> ignore
    arg [/usr/lib/gcc/x86_64-pc-linux-gnu/6.2.1/crtbegin.o] ==> ignore
    arg [-L/usr/lib/gcc/x86_64-pc-linux-gnu/6.2.1] ==> dir [/usr/lib/gcc/x86_64-pc-linux-gnu/6.2.1]
    arg [-L/usr/lib/gcc/x86_64-pc-linux-gnu/6.2.1/../../../../lib] ==> dir [/usr/lib/gcc/x86_64-pc-linux-gnu/6.2.1/../../../../lib]
    arg [-L/lib/../lib] ==> dir [/lib/../lib]
    arg [-L/usr/lib/../lib] ==> dir [/usr/lib/../lib]
    arg [-L/usr/lib/gcc/x86_64-pc-linux-gnu/6.2.1/../../..] ==> dir [/usr/lib/gcc/x86_64-pc-linux-gnu/6.2.1/../../..]
    arg [CMakeFiles/cmTC_ca603.dir/CMakeCCompilerABI.c.o] ==> ignore
    arg [-lgcc] ==> lib [gcc]
    arg [--as-needed] ==> ignore
    arg [-lgcc_s] ==> lib [gcc_s]
    arg [--no-as-needed] ==> ignore
    arg [-lc] ==> lib [c]
    arg [-lgcc] ==> lib [gcc]
    arg [--as-needed] ==> ignore
    arg [-lgcc_s] ==> lib [gcc_s]
    arg [--no-as-needed] ==> ignore
    arg [/usr/lib/gcc/x86_64-pc-linux-gnu/6.2.1/crtend.o] ==> ignore
    arg [/usr/lib/gcc/x86_64-pc-linux-gnu/6.2.1/../../../../lib/crtn.o] ==> ignore
  remove lib [gcc]
  remove lib [gcc_s]
  remove lib [gcc]
  remove lib [gcc_s]
  collapse library dir [/usr/lib/gcc/x86_64-pc-linux-gnu/6.2.1] ==> [/usr/lib/gcc/x86_64-pc-linux-gnu/6.2.1]
  collapse library dir [/usr/lib/gcc/x86_64-pc-linux-gnu/6.2.1/../../../../lib] ==> [/usr/lib]
  collapse library dir [/lib/../lib] ==> [/lib]
  collapse library dir [/usr/lib/../lib] ==> [/usr/lib]
  collapse library dir [/usr/lib/gcc/x86_64-pc-linux-gnu/6.2.1/../../..] ==> [/usr/lib]
  implicit libs: [c]
  implicit dirs: [/usr/lib/gcc/x86_64-pc-linux-gnu/6.2.1;/usr/lib;/lib]
  implicit fwks: []




Detecting C [-std=c11] compiler features compiled with the following output:
Change Dir: /home/ruhtra/Downloads/test/E4-Algo_geo/CMakeFiles/CMakeTmp

Run Build Command:"/usr/bin/make" "cmTC_f0e76/fast"
/usr/bin/make -f CMakeFiles/cmTC_f0e76.dir/build.make CMakeFiles/cmTC_f0e76.dir/build
make[1]: Entering directory '/home/ruhtra/Downloads/test/E4-Algo_geo/CMakeFiles/CMakeTmp'
Building C object CMakeFiles/cmTC_f0e76.dir/feature_tests.c.o
/usr/bin/cc    -std=c11 -o CMakeFiles/cmTC_f0e76.dir/feature_tests.c.o   -c /home/ruhtra/Downloads/test/E4-Algo_geo/CMakeFiles/feature_tests.c
Linking C executable cmTC_f0e76
/usr/bin/cmake -E cmake_link_script CMakeFiles/cmTC_f0e76.dir/link.txt --verbose=1
/usr/bin/cc       CMakeFiles/cmTC_f0e76.dir/feature_tests.c.o  -o cmTC_f0e76 -rdynamic 
make[1]: Leaving directory '/home/ruhtra/Downloads/test/E4-Algo_geo/CMakeFiles/CMakeTmp'


    Feature record: C_FEATURE:1c_function_prototypes
    Feature record: C_FEATURE:1c_restrict
    Feature record: C_FEATURE:1c_static_assert
    Feature record: C_FEATURE:1c_variadic_macros


Detecting C [-std=c99] compiler features compiled with the following output:
Change Dir: /home/ruhtra/Downloads/test/E4-Algo_geo/CMakeFiles/CMakeTmp

Run Build Command:"/usr/bin/make" "cmTC_da4a0/fast"
/usr/bin/make -f CMakeFiles/cmTC_da4a0.dir/build.make CMakeFiles/cmTC_da4a0.dir/build
make[1]: Entering directory '/home/ruhtra/Downloads/test/E4-Algo_geo/CMakeFiles/CMakeTmp'
Building C object CMakeFiles/cmTC_da4a0.dir/feature_tests.c.o
/usr/bin/cc    -std=c99 -o CMakeFiles/cmTC_da4a0.dir/feature_tests.c.o   -c /home/ruhtra/Downloads/test/E4-Algo_geo/CMakeFiles/feature_tests.c
Linking C executable cmTC_da4a0
/usr/bin/cmake -E cmake_link_script CMakeFiles/cmTC_da4a0.dir/link.txt --verbose=1
/usr/bin/cc       CMakeFiles/cmTC_da4a0.dir/feature_tests.c.o  -o cmTC_da4a0 -rdynamic 
make[1]: Leaving directory '/home/ruhtra/Downloads/test/E4-Algo_geo/CMakeFiles/CMakeTmp'


    Feature record: C_FEATURE:1c_function_prototypes
    Feature record: C_FEATURE:1c_restrict
    Feature record: C_FEATURE:0c_static_assert
    Feature record: C_FEATURE:1c_variadic_macros


Detecting C [-std=c90] compiler features compiled with the following output:
Change Dir: /home/ruhtra/Downloads/test/E4-Algo_geo/CMakeFiles/CMakeTmp

Run Build Command:"/usr/bin/make" "cmTC_de3ea/fast"
/usr/bin/make -f CMakeFiles/cmTC_de3ea.dir/build.make CMakeFiles/cmTC_de3ea.dir/build
make[1]: Entering directory '/home/ruhtra/Downloads/test/E4-Algo_geo/CMakeFiles/CMakeTmp'
Building C object CMakeFiles/cmTC_de3ea.dir/feature_tests.c.o
/usr/bin/cc    -std=c90 -o CMakeFiles/cmTC_de3ea.dir/feature_tests.c.o   -c /home/ruhtra/Downloads/test/E4-Algo_geo/CMakeFiles/feature_tests.c
Linking C executable cmTC_de3ea
/usr/bin/cmake -E cmake_link_script CMakeFiles/cmTC_de3ea.dir/link.txt --verbose=1
/usr/bin/cc       CMakeFiles/cmTC_de3ea.dir/feature_tests.c.o  -o cmTC_de3ea -rdynamic 
make[1]: Leaving directory '/home/ruhtra/Downloads/test/E4-Algo_geo/CMakeFiles/CMakeTmp'


    Feature record: C_FEATURE:1c_function_prototypes
    Feature record: C_FEATURE:0c_restrict
    Feature record: C_FEATURE:0c_static_assert
    Feature record: C_FEATURE:0c_variadic_macros
Determining if the CXX compiler works passed with the following output:
Change Dir: /home/ruhtra/Downloads/test/E4-Algo_geo/CMakeFiles/CMakeTmp

Run Build Command:"/usr/bin/make" "cmTC_904e0/fast"
/usr/bin/make -f CMakeFiles/cmTC_904e0.dir/build.make CMakeFiles/cmTC_904e0.dir/build
make[1]: Entering directory '/home/ruhtra/Downloads/test/E4-Algo_geo/CMakeFiles/CMakeTmp'
Building CXX object CMakeFiles/cmTC_904e0.dir/testCXXCompiler.cxx.o
/usr/bin/c++      -o CMakeFiles/cmTC_904e0.dir/testCXXCompiler.cxx.o -c /home/ruhtra/Downloads/test/E4-Algo_geo/CMakeFiles/CMakeTmp/testCXXCompiler.cxx
Linking CXX executable cmTC_904e0
/usr/bin/cmake -E cmake_link_script CMakeFiles/cmTC_904e0.dir/link.txt --verbose=1
/usr/bin/c++        CMakeFiles/cmTC_904e0.dir/testCXXCompiler.cxx.o  -o cmTC_904e0 -rdynamic 
make[1]: Leaving directory '/home/ruhtra/Downloads/test/E4-Algo_geo/CMakeFiles/CMakeTmp'


Detecting CXX compiler ABI info compiled with the following output:
Change Dir: /home/ruhtra/Downloads/test/E4-Algo_geo/CMakeFiles/CMakeTmp

Run Build Command:"/usr/bin/make" "cmTC_f2a47/fast"
/usr/bin/make -f CMakeFiles/cmTC_f2a47.dir/build.make CMakeFiles/cmTC_f2a47.dir/build
make[1]: Entering directory '/home/ruhtra/Downloads/test/E4-Algo_geo/CMakeFiles/CMakeTmp'
Building CXX object CMakeFiles/cmTC_f2a47.dir/CMakeCXXCompilerABI.cpp.o
/usr/bin/c++      -o CMakeFiles/cmTC_f2a47.dir/CMakeCXXCompilerABI.cpp.o -c /usr/share/cmake-3.7/Modules/CMakeCXXCompilerABI.cpp
Linking CXX executable cmTC_f2a47
/usr/bin/cmake -E cmake_link_script CMakeFiles/cmTC_f2a47.dir/link.txt --verbose=1
/usr/bin/c++       -v CMakeFiles/cmTC_f2a47.dir/CMakeCXXCompilerABI.cpp.o  -o cmTC_f2a47 -rdynamic  
Using built-in specs.
COLLECT_GCC=/usr/bin/c++
COLLECT_LTO_WRAPPER=/usr/lib/gcc/x86_64-pc-linux-gnu/6.2.1/lto-wrapper
Target: x86_64-pc-linux-gnu
Configured with: /build/gcc-multilib/src/gcc/configure --prefix=/usr --libdir=/usr/lib --libexecdir=/usr/lib --mandir=/usr/share/man --infodir=/usr/share/info --with-bugurl=https://bugs.archlinux.org/ --enable-languages=c,c++,ada,fortran,go,lto,objc,obj-c++ --enable-shared --enable-threads=posix --enable-libmpx --with-system-zlib --with-isl --enable-__cxa_atexit --disable-libunwind-exceptions --enable-clocale=gnu --disable-libstdcxx-pch --disable-libssp --enable-gnu-unique-object --enable-linker-build-id --enable-lto --enable-plugin --enable-install-libiberty --with-linker-hash-style=gnu --enable-gnu-indirect-function --enable-multilib --disable-werror --enable-checking=release
Thread model: posix
gcc version 6.2.1 20160830 (GCC) 
COMPILER_PATH=/usr/lib/gcc/x86_64-pc-linux-gnu/6.2.1/:/usr/lib/gcc/x86_64-pc-linux-gnu/6.2.1/:/usr/lib/gcc/x86_64-pc-linux-gnu/:/usr/lib/gcc/x86_64-pc-linux-gnu/6.2.1/:/usr/lib/gcc/x86_64-pc-linux-gnu/
LIBRARY_PATH=/usr/lib/gcc/x86_64-pc-linux-gnu/6.2.1/:/usr/lib/gcc/x86_64-pc-linux-gnu/6.2.1/../../../../lib/:/lib/../lib/:/usr/lib/../lib/:/usr/lib/gcc/x86_64-pc-linux-gnu/6.2.1/../../../:/lib/:/usr/lib/
COLLECT_GCC_OPTIONS='-v' '-o' 'cmTC_f2a47' '-rdynamic' '-shared-libgcc' '-mtune=generic' '-march=x86-64'
 /usr/lib/gcc/x86_64-pc-linux-gnu/6.2.1/collect2 -plugin /usr/lib/gcc/x86_64-pc-linux-gnu/6.2.1/liblto_plugin.so -plugin-opt=/usr/lib/gcc/x86_64-pc-linux-gnu/6.2.1/lto-wrapper -plugin-opt=-fresolution=/tmp/ccHsDZsm.res -plugin-opt=-pass-through=-lgcc_s -plugin-opt=-pass-through=-lgcc -plugin-opt=-pass-through=-lc -plugin-opt=-pass-through=-lgcc_s -plugin-opt=-pass-through=-lgcc --build-id --eh-frame-hdr --hash-style=gnu -m elf_x86_64 -export-dynamic -dynamic-linker /lib64/ld-linux-x86-64.so.2 -o cmTC_f2a47 /usr/lib/gcc/x86_64-pc-linux-gnu/6.2.1/../../../../lib/crt1.o /usr/lib/gcc/x86_64-pc-linux-gnu/6.2.1/../../../../lib/crti.o /usr/lib/gcc/x86_64-pc-linux-gnu/6.2.1/crtbegin.o -L/usr/lib/gcc/x86_64-pc-linux-gnu/6.2.1 -L/usr/lib/gcc/x86_64-pc-linux-gnu/6.2.1/../../../../lib -L/lib/../lib -L/usr/lib/../lib -L/usr/lib/gcc/x86_64-pc-linux-gnu/6.2.1/../../.. CMakeFiles/cmTC_f2a47.dir/CMakeCXXCompilerABI.cpp.o -lstdc++ -lm -lgcc_s -lgcc -lc -lgcc_s -lgcc /usr/lib/gcc/x86_64-pc-linux-gnu/6.2.1/crtend.o /usr/lib/gcc/x86_64-pc-linux-gnu/6.2.1/../../../../lib/crtn.o
COLLECT_GCC_OPTIONS='-v' '-o' 'cmTC_f2a47' '-rdynamic' '-shared-libgcc' '-mtune=generic' '-march=x86-64'
make[1]: Leaving directory '/home/ruhtra/Downloads/test/E4-Algo_geo/CMakeFiles/CMakeTmp'


Parsed CXX implicit link information from above output:
  link line regex: [^( *|.*[/\])(ld|([^/\]+-)?ld|collect2)[^/\]*( |$)]
  ignore line: [Change Dir: /home/ruhtra/Downloads/test/E4-Algo_geo/CMakeFiles/CMakeTmp]
  ignore line: []
  ignore line: [Run Build Command:"/usr/bin/make" "cmTC_f2a47/fast"]
  ignore line: [/usr/bin/make -f CMakeFiles/cmTC_f2a47.dir/build.make CMakeFiles/cmTC_f2a47.dir/build]
  ignore line: [make[1]: Entering directory '/home/ruhtra/Downloads/test/E4-Algo_geo/CMakeFiles/CMakeTmp']
  ignore line: [Building CXX object CMakeFiles/cmTC_f2a47.dir/CMakeCXXCompilerABI.cpp.o]
  ignore line: [/usr/bin/c++      -o CMakeFiles/cmTC_f2a47.dir/CMakeCXXCompilerABI.cpp.o -c /usr/share/cmake-3.7/Modules/CMakeCXXCompilerABI.cpp]
  ignore line: [Linking CXX executable cmTC_f2a47]
  ignore line: [/usr/bin/cmake -E cmake_link_script CMakeFiles/cmTC_f2a47.dir/link.txt --verbose=1]
  ignore line: [/usr/bin/c++       -v CMakeFiles/cmTC_f2a47.dir/CMakeCXXCompilerABI.cpp.o  -o cmTC_f2a47 -rdynamic  ]
  ignore line: [Using built-in specs.]
  ignore line: [COLLECT_GCC=/usr/bin/c++]
  ignore line: [COLLECT_LTO_WRAPPER=/usr/lib/gcc/x86_64-pc-linux-gnu/6.2.1/lto-wrapper]
  ignore line: [Target: x86_64-pc-linux-gnu]
  ignore line: [Configured with: /build/gcc-multilib/src/gcc/configure --prefix=/usr --libdir=/usr/lib --libexecdir=/usr/lib --mandir=/usr/share/man --infodir=/usr/share/info --with-bugurl=https://bugs.archlinux.org/ --enable-languages=c,c++,ada,fortran,go,lto,objc,obj-c++ --enable-shared --enable-threads=posix --enable-libmpx --with-system-zlib --with-isl --enable-__cxa_atexit --disable-libunwind-exceptions --enable-clocale=gnu --disable-libstdcxx-pch --disable-libssp --enable-gnu-unique-object --enable-linker-build-id --enable-lto --enable-plugin --enable-install-libiberty --with-linker-hash-style=gnu --enable-gnu-indirect-function --enable-multilib --disable-werror --enable-checking=release]
  ignore line: [Thread model: posix]
  ignore line: [gcc version 6.2.1 20160830 (GCC) ]
  ignore line: [COMPILER_PATH=/usr/lib/gcc/x86_64-pc-linux-gnu/6.2.1/:/usr/lib/gcc/x86_64-pc-linux-gnu/6.2.1/:/usr/lib/gcc/x86_64-pc-linux-gnu/:/usr/lib/gcc/x86_64-pc-linux-gnu/6.2.1/:/usr/lib/gcc/x86_64-pc-linux-gnu/]
  ignore line: [LIBRARY_PATH=/usr/lib/gcc/x86_64-pc-linux-gnu/6.2.1/:/usr/lib/gcc/x86_64-pc-linux-gnu/6.2.1/../../../../lib/:/lib/../lib/:/usr/lib/../lib/:/usr/lib/gcc/x86_64-pc-linux-gnu/6.2.1/../../../:/lib/:/usr/lib/]
  ignore line: [COLLECT_GCC_OPTIONS='-v' '-o' 'cmTC_f2a47' '-rdynamic' '-shared-libgcc' '-mtune=generic' '-march=x86-64']
  link line: [ /usr/lib/gcc/x86_64-pc-linux-gnu/6.2.1/collect2 -plugin /usr/lib/gcc/x86_64-pc-linux-gnu/6.2.1/liblto_plugin.so -plugin-opt=/usr/lib/gcc/x86_64-pc-linux-gnu/6.2.1/lto-wrapper -plugin-opt=-fresolution=/tmp/ccHsDZsm.res -plugin-opt=-pass-through=-lgcc_s -plugin-opt=-pass-through=-lgcc -plugin-opt=-pass-through=-lc -plugin-opt=-pass-through=-lgcc_s -plugin-opt=-pass-through=-lgcc --build-id --eh-frame-hdr --hash-style=gnu -m elf_x86_64 -export-dynamic -dynamic-linker /lib64/ld-linux-x86-64.so.2 -o cmTC_f2a47 /usr/lib/gcc/x86_64-pc-linux-gnu/6.2.1/../../../../lib/crt1.o /usr/lib/gcc/x86_64-pc-linux-gnu/6.2.1/../../../../lib/crti.o /usr/lib/gcc/x86_64-pc-linux-gnu/6.2.1/crtbegin.o -L/usr/lib/gcc/x86_64-pc-linux-gnu/6.2.1 -L/usr/lib/gcc/x86_64-pc-linux-gnu/6.2.1/../../../../lib -L/lib/../lib -L/usr/lib/../lib -L/usr/lib/gcc/x86_64-pc-linux-gnu/6.2.1/../../.. CMakeFiles/cmTC_f2a47.dir/CMakeCXXCompilerABI.cpp.o -lstdc++ -lm -lgcc_s -lgcc -lc -lgcc_s -lgcc /usr/lib/gcc/x86_64-pc-linux-gnu/6.2.1/crtend.o /usr/lib/gcc/x86_64-pc-linux-gnu/6.2.1/../../../../lib/crtn.o]
    arg [/usr/lib/gcc/x86_64-pc-linux-gnu/6.2.1/collect2] ==> ignore
    arg [-plugin] ==> ignore
    arg [/usr/lib/gcc/x86_64-pc-linux-gnu/6.2.1/liblto_plugin.so] ==> ignore
    arg [-plugin-opt=/usr/lib/gcc/x86_64-pc-linux-gnu/6.2.1/lto-wrapper] ==> ignore
    arg [-plugin-opt=-fresolution=/tmp/ccHsDZsm.res] ==> ignore
    arg [-plugin-opt=-pass-through=-lgcc_s] ==> ignore
    arg [-plugin-opt=-pass-through=-lgcc] ==> ignore
    arg [-plugin-opt=-pass-through=-lc] ==> ignore
    arg [-plugin-opt=-pass-through=-lgcc_s] ==> ignore
    arg [-plugin-opt=-pass-through=-lgcc] ==> ignore
    arg [--build-id] ==> ignore
    arg [--eh-frame-hdr] ==> ignore
    arg [--hash-style=gnu] ==> ignore
    arg [-m] ==> ignore
    arg [elf_x86_64] ==> ignore
    arg [-export-dynamic] ==> ignore
    arg [-dynamic-linker] ==> ignore
    arg [/lib64/ld-linux-x86-64.so.2] ==> ignore
    arg [-o] ==> ignore
    arg [cmTC_f2a47] ==> ignore
    arg [/usr/lib/gcc/x86_64-pc-linux-gnu/6.2.1/../../../../lib/crt1.o] ==> ignore
    arg [/usr/lib/gcc/x86_64-pc-linux-gnu/6.2.1/../../../../lib/crti.o] ==> ignore
    arg [/usr/lib/gcc/x86_64-pc-linux-gnu/6.2.1/crtbegin.o] ==> ignore
    arg [-L/usr/lib/gcc/x86_64-pc-linux-gnu/6.2.1] ==> dir [/usr/lib/gcc/x86_64-pc-linux-gnu/6.2.1]
    arg [-L/usr/lib/gcc/x86_64-pc-linux-gnu/6.2.1/../../../../lib] ==> dir [/usr/lib/gcc/x86_64-pc-linux-gnu/6.2.1/../../../../lib]
    arg [-L/lib/../lib] ==> dir [/lib/../lib]
    arg [-L/usr/lib/../lib] ==> dir [/usr/lib/../lib]
    arg [-L/usr/lib/gcc/x86_64-pc-linux-gnu/6.2.1/../../..] ==> dir [/usr/lib/gcc/x86_64-pc-linux-gnu/6.2.1/../../..]
    arg [CMakeFiles/cmTC_f2a47.dir/CMakeCXXCompilerABI.cpp.o] ==> ignore
    arg [-lstdc++] ==> lib [stdc++]
    arg [-lm] ==> lib [m]
    arg [-lgcc_s] ==> lib [gcc_s]
    arg [-lgcc] ==> lib [gcc]
    arg [-lc] ==> lib [c]
    arg [-lgcc_s] ==> lib [gcc_s]
    arg [-lgcc] ==> lib [gcc]
    arg [/usr/lib/gcc/x86_64-pc-linux-gnu/6.2.1/crtend.o] ==> ignore
    arg [/usr/lib/gcc/x86_64-pc-linux-gnu/6.2.1/../../../../lib/crtn.o] ==> ignore
  remove lib [gcc_s]
  remove lib [gcc]
  remove lib [gcc_s]
  remove lib [gcc]
  collapse library dir [/usr/lib/gcc/x86_64-pc-linux-gnu/6.2.1] ==> [/usr/lib/gcc/x86_64-pc-linux-gnu/6.2.1]
  collapse library dir [/usr/lib/gcc/x86_64-pc-linux-gnu/6.2.1/../../../../lib] ==> [/usr/lib]
  collapse library dir [/lib/../lib] ==> [/lib]
  collapse library dir [/usr/lib/../lib] ==> [/usr/lib]
  collapse library dir [/usr/lib/gcc/x86_64-pc-linux-gnu/6.2.1/../../..] ==> [/usr/lib]
  implicit libs: [stdc++;m;c]
  implicit dirs: [/usr/lib/gcc/x86_64-pc-linux-gnu/6.2.1;/usr/lib;/lib]
  implicit fwks: []




Detecting CXX [-std=c++14] compiler features compiled with the following output:
Change Dir: /home/ruhtra/Downloads/test/E4-Algo_geo/CMakeFiles/CMakeTmp

Run Build Command:"/usr/bin/make" "cmTC_76a8d/fast"
/usr/bin/make -f CMakeFiles/cmTC_76a8d.dir/build.make CMakeFiles/cmTC_76a8d.dir/build
make[1]: Entering directory '/home/ruhtra/Downloads/test/E4-Algo_geo/CMakeFiles/CMakeTmp'
Building CXX object CMakeFiles/cmTC_76a8d.dir/feature_tests.cxx.o
/usr/bin/c++     -std=c++14 -o CMakeFiles/cmTC_76a8d.dir/feature_tests.cxx.o -c /home/ruhtra/Downloads/test/E4-Algo_geo/CMakeFiles/feature_tests.cxx
Linking CXX executable cmTC_76a8d
/usr/bin/cmake -E cmake_link_script CMakeFiles/cmTC_76a8d.dir/link.txt --verbose=1
/usr/bin/c++        CMakeFiles/cmTC_76a8d.dir/feature_tests.cxx.o  -o cmTC_76a8d -rdynamic 
make[1]: Leaving directory '/home/ruhtra/Downloads/test/E4-Algo_geo/CMakeFiles/CMakeTmp'


    Feature record: CXX_FEATURE:1cxx_aggregate_default_initializers
    Feature record: CXX_FEATURE:1cxx_alias_templates
    Feature record: CXX_FEATURE:1cxx_alignas
    Feature record: CXX_FEATURE:1cxx_alignof
    Feature record: CXX_FEATURE:1cxx_attributes
    Feature record: CXX_FEATURE:1cxx_attribute_deprecated
    Feature record: CXX_FEATURE:1cxx_auto_type
    Feature record: CXX_FEATURE:1cxx_binary_literals
    Feature record: CXX_FEATURE:1cxx_constexpr
    Feature record: CXX_FEATURE:1cxx_contextual_conversions
    Feature record: CXX_FEATURE:1cxx_decltype
    Feature record: CXX_FEATURE:1cxx_decltype_auto
    Feature record: CXX_FEATURE:1cxx_decltype_incomplete_return_types
    Feature record: CXX_FEATURE:1cxx_default_function_template_args
    Feature record: CXX_FEATURE:1cxx_defaulted_functions
    Feature record: CXX_FEATURE:1cxx_defaulted_move_initializers
    Feature record: CXX_FEATURE:1cxx_delegating_constructors
    Feature record: CXX_FEATURE:1cxx_deleted_functions
    Feature record: CXX_FEATURE:1cxx_digit_separators
    Feature record: CXX_FEATURE:1cxx_enum_forward_declarations
    Feature record: CXX_FEATURE:1cxx_explicit_conversions
    Feature record: CXX_FEATURE:1cxx_extended_friend_declarations
    Feature record: CXX_FEATURE:1cxx_extern_templates
    Feature record: CXX_FEATURE:1cxx_final
    Feature record: CXX_FEATURE:1cxx_func_identifier
    Feature record: CXX_FEATURE:1cxx_generalized_initializers
    Feature record: CXX_FEATURE:1cxx_generic_lambdas
    Feature record: CXX_FEATURE:1cxx_inheriting_constructors
    Feature record: CXX_FEATURE:1cxx_inline_namespaces
    Feature record: CXX_FEATURE:1cxx_lambdas
    Feature record: CXX_FEATURE:1cxx_lambda_init_captures
    Feature record: CXX_FEATURE:1cxx_local_type_template_args
    Feature record: CXX_FEATURE:1cxx_long_long_type
    Feature record: CXX_FEATURE:1cxx_noexcept
    Feature record: CXX_FEATURE:1cxx_nonstatic_member_init
    Feature record: CXX_FEATURE:1cxx_nullptr
    Feature record: CXX_FEATURE:1cxx_override
    Feature record: CXX_FEATURE:1cxx_range_for
    Feature record: CXX_FEATURE:1cxx_raw_string_literals
    Feature record: CXX_FEATURE:1cxx_reference_qualified_functions
    Feature record: CXX_FEATURE:1cxx_relaxed_constexpr
    Feature record: CXX_FEATURE:1cxx_return_type_deduction
    Feature record: CXX_FEATURE:1cxx_right_angle_brackets
    Feature record: CXX_FEATURE:1cxx_rvalue_references
    Feature record: CXX_FEATURE:1cxx_sizeof_member
    Feature record: CXX_FEATURE:1cxx_static_assert
    Feature record: CXX_FEATURE:1cxx_strong_enums
    Feature record: CXX_FEATURE:1cxx_template_template_parameters
    Feature record: CXX_FEATURE:1cxx_thread_local
    Feature record: CXX_FEATURE:1cxx_trailing_return_types
    Feature record: CXX_FEATURE:1cxx_unicode_literals
    Feature record: CXX_FEATURE:1cxx_uniform_initialization
    Feature record: CXX_FEATURE:1cxx_unrestricted_unions
    Feature record: CXX_FEATURE:1cxx_user_literals
    Feature record: CXX_FEATURE:1cxx_variable_templates
    Feature record: CXX_FEATURE:1cxx_variadic_macros
    Feature record: CXX_FEATURE:1cxx_variadic_templates


Detecting CXX [-std=c++11] compiler features compiled with the following output:
Change Dir: /home/ruhtra/Downloads/test/E4-Algo_geo/CMakeFiles/CMakeTmp

Run Build Command:"/usr/bin/make" "cmTC_d461b/fast"
/usr/bin/make -f CMakeFiles/cmTC_d461b.dir/build.make CMakeFiles/cmTC_d461b.dir/build
make[1]: Entering directory '/home/ruhtra/Downloads/test/E4-Algo_geo/CMakeFiles/CMakeTmp'
Building CXX object CMakeFiles/cmTC_d461b.dir/feature_tests.cxx.o
/usr/bin/c++     -std=c++11 -o CMakeFiles/cmTC_d461b.dir/feature_tests.cxx.o -c /home/ruhtra/Downloads/test/E4-Algo_geo/CMakeFiles/feature_tests.cxx
Linking CXX executable cmTC_d461b
/usr/bin/cmake -E cmake_link_script CMakeFiles/cmTC_d461b.dir/link.txt --verbose=1
/usr/bin/c++        CMakeFiles/cmTC_d461b.dir/feature_tests.cxx.o  -o cmTC_d461b -rdynamic 
make[1]: Leaving directory '/home/ruhtra/Downloads/test/E4-Algo_geo/CMakeFiles/CMakeTmp'


    Feature record: CXX_FEATURE:0cxx_aggregate_default_initializers
    Feature record: CXX_FEATURE:1cxx_alias_templates
    Feature record: CXX_FEATURE:1cxx_alignas
    Feature record: CXX_FEATURE:1cxx_alignof
    Feature record: CXX_FEATURE:1cxx_attributes
    Feature record: CXX_FEATURE:0cxx_attribute_deprecated
    Feature record: CXX_FEATURE:1cxx_auto_type
    Feature record: CXX_FEATURE:0cxx_binary_literals
    Feature record: CXX_FEATURE:1cxx_constexpr
    Feature record: CXX_FEATURE:0cxx_contextual_conversions
    Feature record: CXX_FEATURE:1cxx_decltype
    Feature record: CXX_FEATURE:0cxx_decltype_auto
    Feature record: CXX_FEATURE:1cxx_decltype_incomplete_return_types
    Feature record: CXX_FEATURE:1cxx_default_function_template_args
    Feature record: CXX_FEATURE:1cxx_defaulted_functions
    Feature record: CXX_FEATURE:1cxx_defaulted_move_initializers
    Feature record: CXX_FEATURE:1cxx_delegating_constructors
    Feature record: CXX_FEATURE:1cxx_deleted_functions
    Feature record: CXX_FEATURE:0cxx_digit_separators
    Feature record: CXX_FEATURE:1cxx_enum_forward_declarations
    Feature record: CXX_FEATURE:1cxx_explicit_conversions
    Feature record: CXX_FEATURE:1cxx_extended_friend_declarations
    Feature record: CXX_FEATURE:1cxx_extern_templates
    Feature record: CXX_FEATURE:1cxx_final
    Feature record: CXX_FEATURE:1cxx_func_identifier
    Feature record: CXX_FEATURE:1cxx_generalized_initializers
    Feature record: CXX_FEATURE:0cxx_generic_lambdas
    Feature record: CXX_FEATURE:1cxx_inheriting_constructors
    Feature record: CXX_FEATURE:1cxx_inline_namespaces
    Feature record: CXX_FEATURE:1cxx_lambdas
    Feature record: CXX_FEATURE:0cxx_lambda_init_captures
    Feature record: CXX_FEATURE:1cxx_local_type_template_args
    Feature record: CXX_FEATURE:1cxx_long_long_type
    Feature record: CXX_FEATURE:1cxx_noexcept
    Feature record: CXX_FEATURE:1cxx_nonstatic_member_init
    Feature record: CXX_FEATURE:1cxx_nullptr
    Feature record: CXX_FEATURE:1cxx_override
    Feature record: CXX_FEATURE:1cxx_range_for
    Feature record: CXX_FEATURE:1cxx_raw_string_literals
    Feature record: CXX_FEATURE:1cxx_reference_qualified_functions
    Feature record: CXX_FEATURE:0cxx_relaxed_constexpr
    Feature record: CXX_FEATURE:0cxx_return_type_deduction
    Feature record: CXX_FEATURE:1cxx_right_angle_brackets
    Feature record: CXX_FEATURE:1cxx_rvalue_references
    Feature record: CXX_FEATURE:1cxx_sizeof_member
    Feature record: CXX_FEATURE:1cxx_static_assert
    Feature record: CXX_FEATURE:1cxx_strong_enums
    Feature record: CXX_FEATURE:1cxx_template_template_parameters
    Feature record: CXX_FEATURE:1cxx_thread_local
    Feature record: CXX_FEATURE:1cxx_trailing_return_types
    Feature record: CXX_FEATURE:1cxx_unicode_literals
    Feature record: CXX_FEATURE:1cxx_uniform_initialization
    Feature record: CXX_FEATURE:1cxx_unrestricted_unions
    Feature record: CXX_FEATURE:1cxx_user_literals
    Feature record: CXX_FEATURE:0cxx_variable_templates
    Feature record: CXX_FEATURE:1cxx_variadic_macros
    Feature record: CXX_FEATURE:1cxx_variadic_templates


Detecting CXX [-std=c++98] compiler features compiled with the following output:
Change Dir: /home/ruhtra/Downloads/test/E4-Algo_geo/CMakeFiles/CMakeTmp

Run Build Command:"/usr/bin/make" "cmTC_d5349/fast"
/usr/bin/make -f CMakeFiles/cmTC_d5349.dir/build.make CMakeFiles/cmTC_d5349.dir/build
make[1]: Entering directory '/home/ruhtra/Downloads/test/E4-Algo_geo/CMakeFiles/CMakeTmp'
Building CXX object CMakeFiles/cmTC_d5349.dir/feature_tests.cxx.o
/usr/bin/c++     -std=c++98 -o CMakeFiles/cmTC_d5349.dir/feature_tests.cxx.o -c /home/ruhtra/Downloads/test/E4-Algo_geo/CMakeFiles/feature_tests.cxx
Linking CXX executable cmTC_d5349
/usr/bin/cmake -E cmake_link_script CMakeFiles/cmTC_d5349.dir/link.txt --verbose=1
/usr/bin/c++        CMakeFiles/cmTC_d5349.dir/feature_tests.cxx.o  -o cmTC_d5349 -rdynamic 
make[1]: Leaving directory '/home/ruhtra/Downloads/test/E4-Algo_geo/CMakeFiles/CMakeTmp'


    Feature record: CXX_FEATURE:0cxx_aggregate_default_initializers
    Feature record: CXX_FEATURE:0cxx_alias_templates
    Feature record: CXX_FEATURE:0cxx_alignas
    Feature record: CXX_FEATURE:0cxx_alignof
    Feature record: CXX_FEATURE:0cxx_attributes
    Feature record: CXX_FEATURE:0cxx_attribute_deprecated
    Feature record: CXX_FEATURE:0cxx_auto_type
    Feature record: CXX_FEATURE:0cxx_binary_literals
    Feature record: CXX_FEATURE:0cxx_constexpr
    Feature record: CXX_FEATURE:0cxx_contextual_conversions
    Feature record: CXX_FEATURE:0cxx_decltype
    Feature record: CXX_FEATURE:0cxx_decltype_auto
    Feature record: CXX_FEATURE:0cxx_decltype_incomplete_return_types
    Feature record: CXX_FEATURE:0cxx_default_function_template_args
    Feature record: CXX_FEATURE:0cxx_defaulted_functions
    Feature record: CXX_FEATURE:0cxx_defaulted_move_initializers
    Feature record: CXX_FEATURE:0cxx_delegating_constructors
    Feature record: CXX_FEATURE:0cxx_deleted_functions
    Feature record: CXX_FEATURE:0cxx_digit_separators
    Feature record: CXX_FEATURE:0cxx_enum_forward_declarations
    Feature record: CXX_FEATURE:0cxx_explicit_conversions
    Feature record: CXX_FEATURE:0cxx_extended_friend_declarations
    Feature record: CXX_FEATURE:0cxx_extern_templates
    Feature record: CXX_FEATURE:0cxx_final
    Feature record: CXX_FEATURE:0cxx_func_identifier
    Feature record: CXX_FEATURE:0cxx_generalized_initializers
    Feature record: CXX_FEATURE:0cxx_generic_lambdas
    Feature record: CXX_FEATURE:0cxx_inheriting_constructors
    Feature record: CXX_FEATURE:0cxx_inline_namespaces
    Feature record: CXX_FEATURE:0cxx_lambdas
    Feature record: CXX_FEATURE:0cxx_lambda_init_captures
    Feature record: CXX_FEATURE:0cxx_local_type_template_args
    Feature record: CXX_FEATURE:0cxx_long_long_type
    Feature record: CXX_FEATURE:0cxx_noexcept
    Feature record: CXX_FEATURE:0cxx_nonstatic_member_init
    Feature record: CXX_FEATURE:0cxx_nullptr
    Feature record: CXX_FEATURE:0cxx_override
    Feature record: CXX_FEATURE:0cxx_range_for
    Feature record: CXX_FEATURE:0cxx_raw_string_literals
    Feature record: CXX_FEATURE:0cxx_reference_qualified_functions
    Feature record: CXX_FEATURE:0cxx_relaxed_constexpr
    Feature record: CXX_FEATURE:0cxx_return_type_deduction
    Feature record: CXX_FEATURE:0cxx_right_angle_brackets
    Feature record: CXX_FEATURE:0cxx_rvalue_references
    Feature record: CXX_FEATURE:0cxx_sizeof_member
    Feature record: CXX_FEATURE:0cxx_static_assert
    Feature record: CXX_FEATURE:0cxx_strong_enums
    Feature record: CXX_FEATURE:1cxx_template_template_parameters
    Feature record: CXX_FEATURE:0cxx_thread_local
    Feature record: CXX_FEATURE:0cxx_trailing_return_types
    Feature record: CXX_FEATURE:0cxx_unicode_literals
    Feature record: CXX_FEATURE:0cxx_uniform_initialization
    Feature record: CXX_FEATURE:0cxx_unrestricted_unions
    Feature record: CXX_FEATURE:0cxx_user_literals
    Feature record: CXX_FEATURE:0cxx_variable_templates
    Feature record: CXX_FEATURE:0cxx_variadic_macros
    Feature record: CXX_FEATURE:0cxx_variadic_templates
Determining if the include file pthread.h exists passed with the following output:
Change Dir: /home/ruhtra/Downloads/test/E4-Algo_geo/CMakeFiles/CMakeTmp

Run Build Command:"/usr/bin/make" "cmTC_6fee9/fast"
/usr/bin/make -f CMakeFiles/cmTC_6fee9.dir/build.make CMakeFiles/cmTC_6fee9.dir/build
make[1]: Entering directory '/home/ruhtra/Downloads/test/E4-Algo_geo/CMakeFiles/CMakeTmp'
Building C object CMakeFiles/cmTC_6fee9.dir/CheckIncludeFile.c.o
/usr/bin/cc     -o CMakeFiles/cmTC_6fee9.dir/CheckIncludeFile.c.o   -c /home/ruhtra/Downloads/test/E4-Algo_geo/CMakeFiles/CMakeTmp/CheckIncludeFile.c
Linking C executable cmTC_6fee9
/usr/bin/cmake -E cmake_link_script CMakeFiles/cmTC_6fee9.dir/link.txt --verbose=1
/usr/bin/cc       CMakeFiles/cmTC_6fee9.dir/CheckIncludeFile.c.o  -o cmTC_6fee9 -rdynamic 
make[1]: Leaving directory '/home/ruhtra/Downloads/test/E4-Algo_geo/CMakeFiles/CMakeTmp'


Determining if the function pthread_create exists in the pthread passed with the following output:
Change Dir: /home/ruhtra/Downloads/test/E4-Algo_geo/CMakeFiles/CMakeTmp

Run Build Command:"/usr/bin/make" "cmTC_a4b3c/fast"
/usr/bin/make -f CMakeFiles/cmTC_a4b3c.dir/build.make CMakeFiles/cmTC_a4b3c.dir/build
make[1]: Entering directory '/home/ruhtra/Downloads/test/E4-Algo_geo/CMakeFiles/CMakeTmp'
Building C object CMakeFiles/cmTC_a4b3c.dir/CheckFunctionExists.c.o
/usr/bin/cc    -DCHECK_FUNCTION_EXISTS=pthread_create   -o CMakeFiles/cmTC_a4b3c.dir/CheckFunctionExists.c.o   -c /usr/share/cmake-3.7/Modules/CheckFunctionExists.c
Linking C executable cmTC_a4b3c
/usr/bin/cmake -E cmake_link_script CMakeFiles/cmTC_a4b3c.dir/link.txt --verbose=1
/usr/bin/cc   -DCHECK_FUNCTION_EXISTS=pthread_create    CMakeFiles/cmTC_a4b3c.dir/CheckFunctionExists.c.o  -o cmTC_a4b3c -rdynamic -lpthread 
make[1]: Leaving directory '/home/ruhtra/Downloads/test/E4-Algo_geo/CMakeFiles/CMakeTmp'


Determining if the function XOpenDisplay exists in the /usr/lib64/libX11.so;/usr/lib64/libXext.so passed with the following output:
Change Dir: /home/ruhtra/Downloads/test/E4-Algo_geo/CMakeFiles/CMakeTmp

Run Build Command:"/usr/bin/make" "cmTC_75af8/fast"
/usr/bin/make -f CMakeFiles/cmTC_75af8.dir/build.make CMakeFiles/cmTC_75af8.dir/build
make[1]: Entering directory '/home/ruhtra/Downloads/test/E4-Algo_geo/CMakeFiles/CMakeTmp'
Building C object CMakeFiles/cmTC_75af8.dir/CheckFunctionExists.c.o
/usr/bin/cc    -DCHECK_FUNCTION_EXISTS=XOpenDisplay   -o CMakeFiles/cmTC_75af8.dir/CheckFunctionExists.c.o   -c /usr/share/cmake-3.7/Modules/CheckFunctionExists.c
Linking C executable cmTC_75af8
/usr/bin/cmake -E cmake_link_script CMakeFiles/cmTC_75af8.dir/link.txt --verbose=1
/usr/bin/cc   -DCHECK_FUNCTION_EXISTS=XOpenDisplay    CMakeFiles/cmTC_75af8.dir/CheckFunctionExists.c.o  -o cmTC_75af8 -rdynamic /usr/lib64/libX11.so /usr/lib64/libXext.so 
make[1]: Leaving directory '/home/ruhtra/Downloads/test/E4-Algo_geo/CMakeFiles/CMakeTmp'


Determining if the function gethostbyname exists passed with the following output:
Change Dir: /home/ruhtra/Downloads/test/E4-Algo_geo/CMakeFiles/CMakeTmp

Run Build Command:"/usr/bin/make" "cmTC_c2384/fast"
/usr/bin/make -f CMakeFiles/cmTC_c2384.dir/build.make CMakeFiles/cmTC_c2384.dir/build
make[1]: Entering directory '/home/ruhtra/Downloads/test/E4-Algo_geo/CMakeFiles/CMakeTmp'
Building C object CMakeFiles/cmTC_c2384.dir/CheckFunctionExists.c.o
/usr/bin/cc    -DCHECK_FUNCTION_EXISTS=gethostbyname   -o CMakeFiles/cmTC_c2384.dir/CheckFunctionExists.c.o   -c /usr/share/cmake-3.7/Modules/CheckFunctionExists.c
Linking C executable cmTC_c2384
/usr/bin/cmake -E cmake_link_script CMakeFiles/cmTC_c2384.dir/link.txt --verbose=1
/usr/bin/cc   -DCHECK_FUNCTION_EXISTS=gethostbyname    CMakeFiles/cmTC_c2384.dir/CheckFunctionExists.c.o  -o cmTC_c2384 -rdynamic 
make[1]: Leaving directory '/home/ruhtra/Downloads/test/E4-Algo_geo/CMakeFiles/CMakeTmp'


Determining if the function connect exists passed with the following output:
Change Dir: /home/ruhtra/Downloads/test/E4-Algo_geo/CMakeFiles/CMakeTmp

Run Build Command:"/usr/bin/make" "cmTC_27ef1/fast"
/usr/bin/make -f CMakeFiles/cmTC_27ef1.dir/build.make CMakeFiles/cmTC_27ef1.dir/build
make[1]: Entering directory '/home/ruhtra/Downloads/test/E4-Algo_geo/CMakeFiles/CMakeTmp'
Building C object CMakeFiles/cmTC_27ef1.dir/CheckFunctionExists.c.o
/usr/bin/cc    -DCHECK_FUNCTION_EXISTS=connect   -o CMakeFiles/cmTC_27ef1.dir/CheckFunctionExists.c.o   -c /usr/share/cmake-3.7/Modules/CheckFunctionExists.c
Linking C executable cmTC_27ef1
/usr/bin/cmake -E cmake_link_script CMakeFiles/cmTC_27ef1.dir/link.txt --verbose=1
/usr/bin/cc   -DCHECK_FUNCTION_EXISTS=connect    CMakeFiles/cmTC_27ef1.dir/CheckFunctionExists.c.o  -o cmTC_27ef1 -rdynamic 
make[1]: Leaving directory '/home/ruhtra/Downloads/test/E4-Algo_geo/CMakeFiles/CMakeTmp'


Determining if the function remove exists passed with the following output:
Change Dir: /home/ruhtra/Downloads/test/E4-Algo_geo/CMakeFiles/CMakeTmp

Run Build Command:"/usr/bin/make" "cmTC_7f969/fast"
/usr/bin/make -f CMakeFiles/cmTC_7f969.dir/build.make CMakeFiles/cmTC_7f969.dir/build
make[1]: Entering directory '/home/ruhtra/Downloads/test/E4-Algo_geo/CMakeFiles/CMakeTmp'
Building C object CMakeFiles/cmTC_7f969.dir/CheckFunctionExists.c.o
/usr/bin/cc    -DCHECK_FUNCTION_EXISTS=remove   -o CMakeFiles/cmTC_7f969.dir/CheckFunctionExists.c.o   -c /usr/share/cmake-3.7/Modules/CheckFunctionExists.c
Linking C executable cmTC_7f969
/usr/bin/cmake -E cmake_link_script CMakeFiles/cmTC_7f969.dir/link.txt --verbose=1
/usr/bin/cc   -DCHECK_FUNCTION_EXISTS=remove    CMakeFiles/cmTC_7f969.dir/CheckFunctionExists.c.o  -o cmTC_7f969 -rdynamic 
make[1]: Leaving directory '/home/ruhtra/Downloads/test/E4-Algo_geo/CMakeFiles/CMakeTmp'


Determining if the function shmat exists passed with the following output:
Change Dir: /home/ruhtra/Downloads/test/E4-Algo_geo/CMakeFiles/CMakeTmp

Run Build Command:"/usr/bin/make" "cmTC_e4ce7/fast"
/usr/bin/make -f CMakeFiles/cmTC_e4ce7.dir/build.make CMakeFiles/cmTC_e4ce7.dir/build
make[1]: Entering directory '/home/ruhtra/Downloads/test/E4-Algo_geo/CMakeFiles/CMakeTmp'
Building C object CMakeFiles/cmTC_e4ce7.dir/CheckFunctionExists.c.o
/usr/bin/cc    -DCHECK_FUNCTION_EXISTS=shmat   -o CMakeFiles/cmTC_e4ce7.dir/CheckFunctionExists.c.o   -c /usr/share/cmake-3.7/Modules/CheckFunctionExists.c
Linking C executable cmTC_e4ce7
/usr/bin/cmake -E cmake_link_script CMakeFiles/cmTC_e4ce7.dir/link.txt --verbose=1
/usr/bin/cc   -DCHECK_FUNCTION_EXISTS=shmat    CMakeFiles/cmTC_e4ce7.dir/CheckFunctionExists.c.o  -o cmTC_e4ce7 -rdynamic 
make[1]: Leaving directory '/home/ruhtra/Downloads/test/E4-Algo_geo/CMakeFiles/CMakeTmp'


Determining if the function IceConnectionNumber exists in the ICE passed with the following output:
Change Dir: /home/ruhtra/Downloads/test/E4-Algo_geo/CMakeFiles/CMakeTmp

Run Build Command:"/usr/bin/make" "cmTC_27d2f/fast"
/usr/bin/make -f CMakeFiles/cmTC_27d2f.dir/build.make CMakeFiles/cmTC_27d2f.dir/build
make[1]: Entering directory '/home/ruhtra/Downloads/test/E4-Algo_geo/CMakeFiles/CMakeTmp'
Building C object CMakeFiles/cmTC_27d2f.dir/CheckFunctionExists.c.o
/usr/bin/cc    -DCHECK_FUNCTION_EXISTS=IceConnectionNumber   -o CMakeFiles/cmTC_27d2f.dir/CheckFunctionExists.c.o   -c /usr/share/cmake-3.7/Modules/CheckFunctionExists.c
Linking C executable cmTC_27d2f
/usr/bin/cmake -E cmake_link_script CMakeFiles/cmTC_27d2f.dir/link.txt --verbose=1
/usr/bin/cc   -DCHECK_FUNCTION_EXISTS=IceConnectionNumber    CMakeFiles/cmTC_27d2f.dir/CheckFunctionExists.c.o  -o cmTC_27d2f -rdynamic -lICE 
make[1]: Leaving directory '/home/ruhtra/Downloads/test/E4-Algo_geo/CMakeFiles/CMakeTmp'


Determining if the include file pthread.h exists passed with the following output:
Change Dir: /home/ruhtra/Downloads/test/E4-Algo_geo/CMakeFiles/CMakeTmp

Run Build Command:"/usr/bin/make" "cmTC_8d197/fast"
make[1]: Entering directory '/home/ruhtra/Downloads/test/E4-Algo_geo/CMakeFiles/CMakeTmp'
/usr/bin/make -f CMakeFiles/cmTC_8d197.dir/build.make CMakeFiles/cmTC_8d197.dir/build
make[2]: Entering directory '/home/ruhtra/Downloads/test/E4-Algo_geo/CMakeFiles/CMakeTmp'
Building C object CMakeFiles/cmTC_8d197.dir/CheckIncludeFile.c.o
/usr/bin/cc     -o CMakeFiles/cmTC_8d197.dir/CheckIncludeFile.c.o   -c /home/ruhtra/Downloads/test/E4-Algo_geo/CMakeFiles/CMakeTmp/CheckIncludeFile.c
Linking C executable cmTC_8d197
/usr/bin/cmake -E cmake_link_script CMakeFiles/cmTC_8d197.dir/link.txt --verbose=1
/usr/bin/cc       CMakeFiles/cmTC_8d197.dir/CheckIncludeFile.c.o  -o cmTC_8d197 -rdynamic 
make[2]: Leaving directory '/home/ruhtra/Downloads/test/E4-Algo_geo/CMakeFiles/CMakeTmp'
make[1]: Leaving directory '/home/ruhtra/Downloads/test/E4-Algo_geo/CMakeFiles/CMakeTmp'


Determining if the function pthread_create exists in the pthread passed with the following output:
Change Dir: /home/ruhtra/Downloads/test/E4-Algo_geo/CMakeFiles/CMakeTmp

Run Build Command:"/usr/bin/make" "cmTC_a8812/fast"
make[1]: Entering directory '/home/ruhtra/Downloads/test/E4-Algo_geo/CMakeFiles/CMakeTmp'
/usr/bin/make -f CMakeFiles/cmTC_a8812.dir/build.make CMakeFiles/cmTC_a8812.dir/build
make[2]: Entering directory '/home/ruhtra/Downloads/test/E4-Algo_geo/CMakeFiles/CMakeTmp'
Building C object CMakeFiles/cmTC_a8812.dir/CheckFunctionExists.c.o
/usr/bin/cc    -DCHECK_FUNCTION_EXISTS=pthread_create   -o CMakeFiles/cmTC_a8812.dir/CheckFunctionExists.c.o   -c /usr/share/cmake-3.7/Modules/CheckFunctionExists.c
Linking C executable cmTC_a8812
/usr/bin/cmake -E cmake_link_script CMakeFiles/cmTC_a8812.dir/link.txt --verbose=1
/usr/bin/cc   -DCHECK_FUNCTION_EXISTS=pthread_create    CMakeFiles/cmTC_a8812.dir/CheckFunctionExists.c.o  -o cmTC_a8812 -rdynamic -lpthread 
make[2]: Leaving directory '/home/ruhtra/Downloads/test/E4-Algo_geo/CMakeFiles/CMakeTmp'
make[1]: Leaving directory '/home/ruhtra/Downloads/test/E4-Algo_geo/CMakeFiles/CMakeTmp'


Determining if the function XOpenDisplay exists in the /usr/lib64/libX11.so;/usr/lib64/libXext.so passed with the following output:
Change Dir: /home/ruhtra/Downloads/test/E4-Algo_geo/CMakeFiles/CMakeTmp

Run Build Command:"/usr/bin/make" "cmTC_2fab3/fast"
make[1]: Entering directory '/home/ruhtra/Downloads/test/E4-Algo_geo/CMakeFiles/CMakeTmp'
/usr/bin/make -f CMakeFiles/cmTC_2fab3.dir/build.make CMakeFiles/cmTC_2fab3.dir/build
make[2]: Entering directory '/home/ruhtra/Downloads/test/E4-Algo_geo/CMakeFiles/CMakeTmp'
Building C object CMakeFiles/cmTC_2fab3.dir/CheckFunctionExists.c.o
/usr/bin/cc    -DCHECK_FUNCTION_EXISTS=XOpenDisplay   -o CMakeFiles/cmTC_2fab3.dir/CheckFunctionExists.c.o   -c /usr/share/cmake-3.7/Modules/CheckFunctionExists.c
Linking C executable cmTC_2fab3
/usr/bin/cmake -E cmake_link_script CMakeFiles/cmTC_2fab3.dir/link.txt --verbose=1
/usr/bin/cc   -DCHECK_FUNCTION_EXISTS=XOpenDisplay    CMakeFiles/cmTC_2fab3.dir/CheckFunctionExists.c.o  -o cmTC_2fab3 -rdynamic /usr/lib64/libX11.so /usr/lib64/libXext.so 
make[2]: Leaving directory '/home/ruhtra/Downloads/test/E4-Algo_geo/CMakeFiles/CMakeTmp'
make[1]: Leaving directory '/home/ruhtra/Downloads/test/E4-Algo_geo/CMakeFiles/CMakeTmp'


Determining if the function gethostbyname exists passed with the following output:
Change Dir: /home/ruhtra/Downloads/test/E4-Algo_geo/CMakeFiles/CMakeTmp

Run Build Command:"/usr/bin/make" "cmTC_26885/fast"
make[1]: Entering directory '/home/ruhtra/Downloads/test/E4-Algo_geo/CMakeFiles/CMakeTmp'
/usr/bin/make -f CMakeFiles/cmTC_26885.dir/build.make CMakeFiles/cmTC_26885.dir/build
make[2]: Entering directory '/home/ruhtra/Downloads/test/E4-Algo_geo/CMakeFiles/CMakeTmp'
Building C object CMakeFiles/cmTC_26885.dir/CheckFunctionExists.c.o
/usr/bin/cc    -DCHECK_FUNCTION_EXISTS=gethostbyname   -o CMakeFiles/cmTC_26885.dir/CheckFunctionExists.c.o   -c /usr/share/cmake-3.7/Modules/CheckFunctionExists.c
Linking C executable cmTC_26885
/usr/bin/cmake -E cmake_link_script CMakeFiles/cmTC_26885.dir/link.txt --verbose=1
/usr/bin/cc   -DCHECK_FUNCTION_EXISTS=gethostbyname    CMakeFiles/cmTC_26885.dir/CheckFunctionExists.c.o  -o cmTC_26885 -rdynamic 
make[2]: Leaving directory '/home/ruhtra/Downloads/test/E4-Algo_geo/CMakeFiles/CMakeTmp'
make[1]: Leaving directory '/home/ruhtra/Downloads/test/E4-Algo_geo/CMakeFiles/CMakeTmp'


Determining if the function connect exists passed with the following output:
Change Dir: /home/ruhtra/Downloads/test/E4-Algo_geo/CMakeFiles/CMakeTmp

Run Build Command:"/usr/bin/make" "cmTC_55194/fast"
make[1]: Entering directory '/home/ruhtra/Downloads/test/E4-Algo_geo/CMakeFiles/CMakeTmp'
/usr/bin/make -f CMakeFiles/cmTC_55194.dir/build.make CMakeFiles/cmTC_55194.dir/build
make[2]: Entering directory '/home/ruhtra/Downloads/test/E4-Algo_geo/CMakeFiles/CMakeTmp'
Building C object CMakeFiles/cmTC_55194.dir/CheckFunctionExists.c.o
/usr/bin/cc    -DCHECK_FUNCTION_EXISTS=connect   -o CMakeFiles/cmTC_55194.dir/CheckFunctionExists.c.o   -c /usr/share/cmake-3.7/Modules/CheckFunctionExists.c
Linking C executable cmTC_55194
/usr/bin/cmake -E cmake_link_script CMakeFiles/cmTC_55194.dir/link.txt --verbose=1
/usr/bin/cc   -DCHECK_FUNCTION_EXISTS=connect    CMakeFiles/cmTC_55194.dir/CheckFunctionExists.c.o  -o cmTC_55194 -rdynamic 
make[2]: Leaving directory '/home/ruhtra/Downloads/test/E4-Algo_geo/CMakeFiles/CMakeTmp'
make[1]: Leaving directory '/home/ruhtra/Downloads/test/E4-Algo_geo/CMakeFiles/CMakeTmp'


Determining if the function remove exists passed with the following output:
Change Dir: /home/ruhtra/Downloads/test/E4-Algo_geo/CMakeFiles/CMakeTmp

Run Build Command:"/usr/bin/make" "cmTC_bf51c/fast"
make[1]: Entering directory '/home/ruhtra/Downloads/test/E4-Algo_geo/CMakeFiles/CMakeTmp'
/usr/bin/make -f CMakeFiles/cmTC_bf51c.dir/build.make CMakeFiles/cmTC_bf51c.dir/build
make[2]: Entering directory '/home/ruhtra/Downloads/test/E4-Algo_geo/CMakeFiles/CMakeTmp'
Building C object CMakeFiles/cmTC_bf51c.dir/CheckFunctionExists.c.o
/usr/bin/cc    -DCHECK_FUNCTION_EXISTS=remove   -o CMakeFiles/cmTC_bf51c.dir/CheckFunctionExists.c.o   -c /usr/share/cmake-3.7/Modules/CheckFunctionExists.c
Linking C executable cmTC_bf51c
/usr/bin/cmake -E cmake_link_script CMakeFiles/cmTC_bf51c.dir/link.txt --verbose=1
/usr/bin/cc   -DCHECK_FUNCTION_EXISTS=remove    CMakeFiles/cmTC_bf51c.dir/CheckFunctionExists.c.o  -o cmTC_bf51c -rdynamic 
make[2]: Leaving directory '/home/ruhtra/Downloads/test/E4-Algo_geo/CMakeFiles/CMakeTmp'
make[1]: Leaving directory '/home/ruhtra/Downloads/test/E4-Algo_geo/CMakeFiles/CMakeTmp'


Determining if the function shmat exists passed with the following output:
Change Dir: /home/ruhtra/Downloads/test/E4-Algo_geo/CMakeFiles/CMakeTmp

Run Build Command:"/usr/bin/make" "cmTC_d297e/fast"
make[1]: Entering directory '/home/ruhtra/Downloads/test/E4-Algo_geo/CMakeFiles/CMakeTmp'
/usr/bin/make -f CMakeFiles/cmTC_d297e.dir/build.make CMakeFiles/cmTC_d297e.dir/build
make[2]: Entering directory '/home/ruhtra/Downloads/test/E4-Algo_geo/CMakeFiles/CMakeTmp'
Building C object CMakeFiles/cmTC_d297e.dir/CheckFunctionExists.c.o
/usr/bin/cc    -DCHECK_FUNCTION_EXISTS=shmat   -o CMakeFiles/cmTC_d297e.dir/CheckFunctionExists.c.o   -c /usr/share/cmake-3.7/Modules/CheckFunctionExists.c
Linking C executable cmTC_d297e
/usr/bin/cmake -E cmake_link_script CMakeFiles/cmTC_d297e.dir/link.txt --verbose=1
/usr/bin/cc   -DCHECK_FUNCTION_EXISTS=shmat    CMakeFiles/cmTC_d297e.dir/CheckFunctionExists.c.o  -o cmTC_d297e -rdynamic 
make[2]: Leaving directory '/home/ruhtra/Downloads/test/E4-Algo_geo/CMakeFiles/CMakeTmp'
make[1]: Leaving directory '/home/ruhtra/Downloads/test/E4-Algo_geo/CMakeFiles/CMakeTmp'


Determining if the function IceConnectionNumber exists in the ICE passed with the following output:
Change Dir: /home/ruhtra/Downloads/test/E4-Algo_geo/CMakeFiles/CMakeTmp

Run Build Command:"/usr/bin/make" "cmTC_be815/fast"
make[1]: Entering directory '/home/ruhtra/Downloads/test/E4-Algo_geo/CMakeFiles/CMakeTmp'
/usr/bin/make -f CMakeFiles/cmTC_be815.dir/build.make CMakeFiles/cmTC_be815.dir/build
make[2]: Entering directory '/home/ruhtra/Downloads/test/E4-Algo_geo/CMakeFiles/CMakeTmp'
Building C object CMakeFiles/cmTC_be815.dir/CheckFunctionExists.c.o
/usr/bin/cc    -DCHECK_FUNCTION_EXISTS=IceConnectionNumber   -o CMakeFiles/cmTC_be815.dir/CheckFunctionExists.c.o   -c /usr/share/cmake-3.7/Modules/CheckFunctionExists.c
Linking C executable cmTC_be815
/usr/bin/cmake -E cmake_link_script CMakeFiles/cmTC_be815.dir/link.txt --verbose=1
/usr/bin/cc   -DCHECK_FUNCTION_EXISTS=IceConnectionNumber    CMakeFiles/cmTC_be815.dir/CheckFunctionExists.c.o  -o cmTC_be815 -rdynamic -lICE 
make[2]: Leaving directory '/home/ruhtra/Downloads/test/E4-Algo_geo/CMakeFiles/CMakeTmp'
make[1]: Leaving directory '/home/ruhtra/Downloads/test/E4-Algo_geo/CMakeFiles/CMakeTmp'


The system is: Linux - 4.4.43-1-lts - x86_64
Compiling the C compiler identification source file "CMakeCCompilerId.c" succeeded.
Compiler: /usr/bin/cc 
Build flags: 
Id flags: 

The output was:
0


Compilation of the C compiler identification source "CMakeCCompilerId.c" produced "a.out"

The C compiler identification is GNU, found in "/home/ruhtra/Downloads/test/E4-Algo_geo/CMakeFiles/3.7.2/CompilerIdC/a.out"

Compiling the CXX compiler identification source file "CMakeCXXCompilerId.cpp" succeeded.
Compiler: /usr/bin/c++ 
Build flags: 
Id flags: 

The output was:
0


Compilation of the CXX compiler identification source "CMakeCXXCompilerId.cpp" produced "a.out"

The CXX compiler identification is GNU, found in "/home/ruhtra/Downloads/test/E4-Algo_geo/CMakeFiles/3.7.2/CompilerIdCXX/a.out"

Determining if the C compiler works passed with the following output:
Change Dir: /home/ruhtra/Downloads/test/E4-Algo_geo/CMakeFiles/CMakeTmp

Run Build Command:"/usr/bin/make" "cmTC_712b5/fast"
make[1]: Entering directory '/home/ruhtra/Downloads/test/E4-Algo_geo/CMakeFiles/CMakeTmp'
/usr/bin/make -f CMakeFiles/cmTC_712b5.dir/build.make CMakeFiles/cmTC_712b5.dir/build
make[2]: Entering directory '/home/ruhtra/Downloads/test/E4-Algo_geo/CMakeFiles/CMakeTmp'
Building C object CMakeFiles/cmTC_712b5.dir/testCCompiler.c.o
/usr/bin/cc     -o CMakeFiles/cmTC_712b5.dir/testCCompiler.c.o   -c /home/ruhtra/Downloads/test/E4-Algo_geo/CMakeFiles/CMakeTmp/testCCompiler.c
Linking C executable cmTC_712b5
/usr/bin/cmake -E cmake_link_script CMakeFiles/cmTC_712b5.dir/link.txt --verbose=1
/usr/bin/cc       CMakeFiles/cmTC_712b5.dir/testCCompiler.c.o  -o cmTC_712b5 -rdynamic 
make[2]: Leaving directory '/home/ruhtra/Downloads/test/E4-Algo_geo/CMakeFiles/CMakeTmp'
make[1]: Leaving directory '/home/ruhtra/Downloads/test/E4-Algo_geo/CMakeFiles/CMakeTmp'


Detecting C compiler ABI info compiled with the following output:
Change Dir: /home/ruhtra/Downloads/test/E4-Algo_geo/CMakeFiles/CMakeTmp

Run Build Command:"/usr/bin/make" "cmTC_f3cd5/fast"
make[1]: Entering directory '/home/ruhtra/Downloads/test/E4-Algo_geo/CMakeFiles/CMakeTmp'
/usr/bin/make -f CMakeFiles/cmTC_f3cd5.dir/build.make CMakeFiles/cmTC_f3cd5.dir/build
make[2]: Entering directory '/home/ruhtra/Downloads/test/E4-Algo_geo/CMakeFiles/CMakeTmp'
Building C object CMakeFiles/cmTC_f3cd5.dir/CMakeCCompilerABI.c.o
/usr/bin/cc     -o CMakeFiles/cmTC_f3cd5.dir/CMakeCCompilerABI.c.o   -c /usr/share/cmake-3.7/Modules/CMakeCCompilerABI.c
Linking C executable cmTC_f3cd5
/usr/bin/cmake -E cmake_link_script CMakeFiles/cmTC_f3cd5.dir/link.txt --verbose=1
/usr/bin/cc      -v CMakeFiles/cmTC_f3cd5.dir/CMakeCCompilerABI.c.o  -o cmTC_f3cd5 -rdynamic  
Using built-in specs.
COLLECT_GCC=/usr/bin/cc
COLLECT_LTO_WRAPPER=/usr/lib/gcc/x86_64-pc-linux-gnu/6.3.1/lto-wrapper
Target: x86_64-pc-linux-gnu
Configured with: /build/gcc-multilib/src/gcc/configure --prefix=/usr --libdir=/usr/lib --libexecdir=/usr/lib --mandir=/usr/share/man --infodir=/usr/share/info --with-bugurl=https://bugs.archlinux.org/ --enable-languages=c,c++,ada,fortran,go,lto,objc,obj-c++ --enable-shared --enable-threads=posix --enable-libmpx --with-system-zlib --with-isl --enable-__cxa_atexit --disable-libunwind-exceptions --enable-clocale=gnu --disable-libstdcxx-pch --disable-libssp --enable-gnu-unique-object --enable-linker-build-id --enable-lto --enable-plugin --enable-install-libiberty --with-linker-hash-style=gnu --enable-gnu-indirect-function --enable-multilib --disable-werror --enable-checking=release
Thread model: posix
gcc version 6.3.1 20170109 (GCC) 
COMPILER_PATH=/usr/lib/gcc/x86_64-pc-linux-gnu/6.3.1/:/usr/lib/gcc/x86_64-pc-linux-gnu/6.3.1/:/usr/lib/gcc/x86_64-pc-linux-gnu/:/usr/lib/gcc/x86_64-pc-linux-gnu/6.3.1/:/usr/lib/gcc/x86_64-pc-linux-gnu/
LIBRARY_PATH=/usr/lib/gcc/x86_64-pc-linux-gnu/6.3.1/:/usr/lib/gcc/x86_64-pc-linux-gnu/6.3.1/../../../../lib/:/lib/../lib/:/usr/lib/../lib/:/usr/lib/gcc/x86_64-pc-linux-gnu/6.3.1/../../../:/lib/:/usr/lib/
COLLECT_GCC_OPTIONS='-v' '-o' 'cmTC_f3cd5' '-rdynamic' '-mtune=generic' '-march=x86-64'
 /usr/lib/gcc/x86_64-pc-linux-gnu/6.3.1/collect2 -plugin /usr/lib/gcc/x86_64-pc-linux-gnu/6.3.1/liblto_plugin.so -plugin-opt=/usr/lib/gcc/x86_64-pc-linux-gnu/6.3.1/lto-wrapper -plugin-opt=-fresolution=/tmp/cc33bF79.res -plugin-opt=-pass-through=-lgcc -plugin-opt=-pass-through=-lgcc_s -plugin-opt=-pass-through=-lc -plugin-opt=-pass-through=-lgcc -plugin-opt=-pass-through=-lgcc_s --build-id --eh-frame-hdr --hash-style=gnu -m elf_x86_64 -export-dynamic -dynamic-linker /lib64/ld-linux-x86-64.so.2 -o cmTC_f3cd5 /usr/lib/gcc/x86_64-pc-linux-gnu/6.3.1/../../../../lib/crt1.o /usr/lib/gcc/x86_64-pc-linux-gnu/6.3.1/../../../../lib/crti.o /usr/lib/gcc/x86_64-pc-linux-gnu/6.3.1/crtbegin.o -L/usr/lib/gcc/x86_64-pc-linux-gnu/6.3.1 -L/usr/lib/gcc/x86_64-pc-linux-gnu/6.3.1/../../../../lib -L/lib/../lib -L/usr/lib/../lib -L/usr/lib/gcc/x86_64-pc-linux-gnu/6.3.1/../../.. CMakeFiles/cmTC_f3cd5.dir/CMakeCCompilerABI.c.o -lgcc --as-needed -lgcc_s --no-as-needed -lc -lgcc --as-needed -lgcc_s --no-as-needed /usr/lib/gcc/x86_64-pc-linux-gnu/6.3.1/crtend.o /usr/lib/gcc/x86_64-pc-linux-gnu/6.3.1/../../../../lib/crtn.o
COLLECT_GCC_OPTIONS='-v' '-o' 'cmTC_f3cd5' '-rdynamic' '-mtune=generic' '-march=x86-64'
make[2]: Leaving directory '/home/ruhtra/Downloads/test/E4-Algo_geo/CMakeFiles/CMakeTmp'
make[1]: Leaving directory '/home/ruhtra/Downloads/test/E4-Algo_geo/CMakeFiles/CMakeTmp'


Parsed C implicit link information from above output:
  link line regex: [^( *|.*[/\])(ld|([^/\]+-)?ld|collect2)[^/\]*( |$)]
  ignore line: [Change Dir: /home/ruhtra/Downloads/test/E4-Algo_geo/CMakeFiles/CMakeTmp]
  ignore line: []
  ignore line: [Run Build Command:"/usr/bin/make" "cmTC_f3cd5/fast"]
  ignore line: [make[1]: Entering directory '/home/ruhtra/Downloads/test/E4-Algo_geo/CMakeFiles/CMakeTmp']
  ignore line: [/usr/bin/make -f CMakeFiles/cmTC_f3cd5.dir/build.make CMakeFiles/cmTC_f3cd5.dir/build]
  ignore line: [make[2]: Entering directory '/home/ruhtra/Downloads/test/E4-Algo_geo/CMakeFiles/CMakeTmp']
  ignore line: [Building C object CMakeFiles/cmTC_f3cd5.dir/CMakeCCompilerABI.c.o]
  ignore line: [/usr/bin/cc     -o CMakeFiles/cmTC_f3cd5.dir/CMakeCCompilerABI.c.o   -c /usr/share/cmake-3.7/Modules/CMakeCCompilerABI.c]
  ignore line: [Linking C executable cmTC_f3cd5]
  ignore line: [/usr/bin/cmake -E cmake_link_script CMakeFiles/cmTC_f3cd5.dir/link.txt --verbose=1]
  ignore line: [/usr/bin/cc      -v CMakeFiles/cmTC_f3cd5.dir/CMakeCCompilerABI.c.o  -o cmTC_f3cd5 -rdynamic  ]
  ignore line: [Using built-in specs.]
  ignore line: [COLLECT_GCC=/usr/bin/cc]
  ignore line: [COLLECT_LTO_WRAPPER=/usr/lib/gcc/x86_64-pc-linux-gnu/6.3.1/lto-wrapper]
  ignore line: [Target: x86_64-pc-linux-gnu]
  ignore line: [Configured with: /build/gcc-multilib/src/gcc/configure --prefix=/usr --libdir=/usr/lib --libexecdir=/usr/lib --mandir=/usr/share/man --infodir=/usr/share/info --with-bugurl=https://bugs.archlinux.org/ --enable-languages=c,c++,ada,fortran,go,lto,objc,obj-c++ --enable-shared --enable-threads=posix --enable-libmpx --with-system-zlib --with-isl --enable-__cxa_atexit --disable-libunwind-exceptions --enable-clocale=gnu --disable-libstdcxx-pch --disable-libssp --enable-gnu-unique-object --enable-linker-build-id --enable-lto --enable-plugin --enable-install-libiberty --with-linker-hash-style=gnu --enable-gnu-indirect-function --enable-multilib --disable-werror --enable-checking=release]
  ignore line: [Thread model: posix]
  ignore line: [gcc version 6.3.1 20170109 (GCC) ]
  ignore line: [COMPILER_PATH=/usr/lib/gcc/x86_64-pc-linux-gnu/6.3.1/:/usr/lib/gcc/x86_64-pc-linux-gnu/6.3.1/:/usr/lib/gcc/x86_64-pc-linux-gnu/:/usr/lib/gcc/x86_64-pc-linux-gnu/6.3.1/:/usr/lib/gcc/x86_64-pc-linux-gnu/]
  ignore line: [LIBRARY_PATH=/usr/lib/gcc/x86_64-pc-linux-gnu/6.3.1/:/usr/lib/gcc/x86_64-pc-linux-gnu/6.3.1/../../../../lib/:/lib/../lib/:/usr/lib/../lib/:/usr/lib/gcc/x86_64-pc-linux-gnu/6.3.1/../../../:/lib/:/usr/lib/]
  ignore line: [COLLECT_GCC_OPTIONS='-v' '-o' 'cmTC_f3cd5' '-rdynamic' '-mtune=generic' '-march=x86-64']
  link line: [ /usr/lib/gcc/x86_64-pc-linux-gnu/6.3.1/collect2 -plugin /usr/lib/gcc/x86_64-pc-linux-gnu/6.3.1/liblto_plugin.so -plugin-opt=/usr/lib/gcc/x86_64-pc-linux-gnu/6.3.1/lto-wrapper -plugin-opt=-fresolution=/tmp/cc33bF79.res -plugin-opt=-pass-through=-lgcc -plugin-opt=-pass-through=-lgcc_s -plugin-opt=-pass-through=-lc -plugin-opt=-pass-through=-lgcc -plugin-opt=-pass-through=-lgcc_s --build-id --eh-frame-hdr --hash-style=gnu -m elf_x86_64 -export-dynamic -dynamic-linker /lib64/ld-linux-x86-64.so.2 -o cmTC_f3cd5 /usr/lib/gcc/x86_64-pc-linux-gnu/6.3.1/../../../../lib/crt1.o /usr/lib/gcc/x86_64-pc-linux-gnu/6.3.1/../../../../lib/crti.o /usr/lib/gcc/x86_64-pc-linux-gnu/6.3.1/crtbegin.o -L/usr/lib/gcc/x86_64-pc-linux-gnu/6.3.1 -L/usr/lib/gcc/x86_64-pc-linux-gnu/6.3.1/../../../../lib -L/lib/../lib -L/usr/lib/../lib -L/usr/lib/gcc/x86_64-pc-linux-gnu/6.3.1/../../.. CMakeFiles/cmTC_f3cd5.dir/CMakeCCompilerABI.c.o -lgcc --as-needed -lgcc_s --no-as-needed -lc -lgcc --as-needed -lgcc_s --no-as-needed /usr/lib/gcc/x86_64-pc-linux-gnu/6.3.1/crtend.o /usr/lib/gcc/x86_64-pc-linux-gnu/6.3.1/../../../../lib/crtn.o]
    arg [/usr/lib/gcc/x86_64-pc-linux-gnu/6.3.1/collect2] ==> ignore
    arg [-plugin] ==> ignore
    arg [/usr/lib/gcc/x86_64-pc-linux-gnu/6.3.1/liblto_plugin.so] ==> ignore
    arg [-plugin-opt=/usr/lib/gcc/x86_64-pc-linux-gnu/6.3.1/lto-wrapper] ==> ignore
    arg [-plugin-opt=-fresolution=/tmp/cc33bF79.res] ==> ignore
    arg [-plugin-opt=-pass-through=-lgcc] ==> ignore
    arg [-plugin-opt=-pass-through=-lgcc_s] ==> ignore
    arg [-plugin-opt=-pass-through=-lc] ==> ignore
    arg [-plugin-opt=-pass-through=-lgcc] ==> ignore
    arg [-plugin-opt=-pass-through=-lgcc_s] ==> ignore
    arg [--build-id] ==> ignore
    arg [--eh-frame-hdr] ==> ignore
    arg [--hash-style=gnu] ==> ignore
    arg [-m] ==> ignore
    arg [elf_x86_64] ==> ignore
    arg [-export-dynamic] ==> ignore
    arg [-dynamic-linker] ==> ignore
    arg [/lib64/ld-linux-x86-64.so.2] ==> ignore
    arg [-o] ==> ignore
    arg [cmTC_f3cd5] ==> ignore
    arg [/usr/lib/gcc/x86_64-pc-linux-gnu/6.3.1/../../../../lib/crt1.o] ==> ignore
    arg [/usr/lib/gcc/x86_64-pc-linux-gnu/6.3.1/../../../../lib/crti.o] ==> ignore
    arg [/usr/lib/gcc/x86_64-pc-linux-gnu/6.3.1/crtbegin.o] ==> ignore
    arg [-L/usr/lib/gcc/x86_64-pc-linux-gnu/6.3.1] ==> dir [/usr/lib/gcc/x86_64-pc-linux-gnu/6.3.1]
    arg [-L/usr/lib/gcc/x86_64-pc-linux-gnu/6.3.1/../../../../lib] ==> dir [/usr/lib/gcc/x86_64-pc-linux-gnu/6.3.1/../../../../lib]
    arg [-L/lib/../lib] ==> dir [/lib/../lib]
    arg [-L/usr/lib/../lib] ==> dir [/usr/lib/../lib]
    arg [-L/usr/lib/gcc/x86_64-pc-linux-gnu/6.3.1/../../..] ==> dir [/usr/lib/gcc/x86_64-pc-linux-gnu/6.3.1/../../..]
    arg [CMakeFiles/cmTC_f3cd5.dir/CMakeCCompilerABI.c.o] ==> ignore
    arg [-lgcc] ==> lib [gcc]
    arg [--as-needed] ==> ignore
    arg [-lgcc_s] ==> lib [gcc_s]
    arg [--no-as-needed] ==> ignore
    arg [-lc] ==> lib [c]
    arg [-lgcc] ==> lib [gcc]
    arg [--as-needed] ==> ignore
    arg [-lgcc_s] ==> lib [gcc_s]
    arg [--no-as-needed] ==> ignore
    arg [/usr/lib/gcc/x86_64-pc-linux-gnu/6.3.1/crtend.o] ==> ignore
    arg [/usr/lib/gcc/x86_64-pc-linux-gnu/6.3.1/../../../../lib/crtn.o] ==> ignore
  remove lib [gcc]
  remove lib [gcc_s]
  remove lib [gcc]
  remove lib [gcc_s]
  collapse library dir [/usr/lib/gcc/x86_64-pc-linux-gnu/6.3.1] ==> [/usr/lib/gcc/x86_64-pc-linux-gnu/6.3.1]
  collapse library dir [/usr/lib/gcc/x86_64-pc-linux-gnu/6.3.1/../../../../lib] ==> [/usr/lib]
  collapse library dir [/lib/../lib] ==> [/lib]
  collapse library dir [/usr/lib/../lib] ==> [/usr/lib]
  collapse library dir [/usr/lib/gcc/x86_64-pc-linux-gnu/6.3.1/../../..] ==> [/usr/lib]
  implicit libs: [c]
  implicit dirs: [/usr/lib/gcc/x86_64-pc-linux-gnu/6.3.1;/usr/lib;/lib]
  implicit fwks: []




Detecting C [-std=c11] compiler features compiled with the following output:
Change Dir: /home/ruhtra/Downloads/test/E4-Algo_geo/CMakeFiles/CMakeTmp

Run Build Command:"/usr/bin/make" "cmTC_61111/fast"
make[1]: Entering directory '/home/ruhtra/Downloads/test/E4-Algo_geo/CMakeFiles/CMakeTmp'
/usr/bin/make -f CMakeFiles/cmTC_61111.dir/build.make CMakeFiles/cmTC_61111.dir/build
make[2]: Entering directory '/home/ruhtra/Downloads/test/E4-Algo_geo/CMakeFiles/CMakeTmp'
Building C object CMakeFiles/cmTC_61111.dir/feature_tests.c.o
/usr/bin/cc    -std=c11 -o CMakeFiles/cmTC_61111.dir/feature_tests.c.o   -c /home/ruhtra/Downloads/test/E4-Algo_geo/CMakeFiles/feature_tests.c
Linking C executable cmTC_61111
/usr/bin/cmake -E cmake_link_script CMakeFiles/cmTC_61111.dir/link.txt --verbose=1
/usr/bin/cc       CMakeFiles/cmTC_61111.dir/feature_tests.c.o  -o cmTC_61111 -rdynamic 
make[2]: Leaving directory '/home/ruhtra/Downloads/test/E4-Algo_geo/CMakeFiles/CMakeTmp'
make[1]: Leaving directory '/home/ruhtra/Downloads/test/E4-Algo_geo/CMakeFiles/CMakeTmp'


    Feature record: C_FEATURE:1c_function_prototypes
    Feature record: C_FEATURE:1c_restrict
    Feature record: C_FEATURE:1c_static_assert
    Feature record: C_FEATURE:1c_variadic_macros


Detecting C [-std=c99] compiler features compiled with the following output:
Change Dir: /home/ruhtra/Downloads/test/E4-Algo_geo/CMakeFiles/CMakeTmp

Run Build Command:"/usr/bin/make" "cmTC_136f6/fast"
make[1]: Entering directory '/home/ruhtra/Downloads/test/E4-Algo_geo/CMakeFiles/CMakeTmp'
/usr/bin/make -f CMakeFiles/cmTC_136f6.dir/build.make CMakeFiles/cmTC_136f6.dir/build
make[2]: Entering directory '/home/ruhtra/Downloads/test/E4-Algo_geo/CMakeFiles/CMakeTmp'
Building C object CMakeFiles/cmTC_136f6.dir/feature_tests.c.o
/usr/bin/cc    -std=c99 -o CMakeFiles/cmTC_136f6.dir/feature_tests.c.o   -c /home/ruhtra/Downloads/test/E4-Algo_geo/CMakeFiles/feature_tests.c
Linking C executable cmTC_136f6
/usr/bin/cmake -E cmake_link_script CMakeFiles/cmTC_136f6.dir/link.txt --verbose=1
/usr/bin/cc       CMakeFiles/cmTC_136f6.dir/feature_tests.c.o  -o cmTC_136f6 -rdynamic 
make[2]: Leaving directory '/home/ruhtra/Downloads/test/E4-Algo_geo/CMakeFiles/CMakeTmp'
make[1]: Leaving directory '/home/ruhtra/Downloads/test/E4-Algo_geo/CMakeFiles/CMakeTmp'


    Feature record: C_FEATURE:1c_function_prototypes
    Feature record: C_FEATURE:1c_restrict
    Feature record: C_FEATURE:0c_static_assert
    Feature record: C_FEATURE:1c_variadic_macros


Detecting C [-std=c90] compiler features compiled with the following output:
Change Dir: /home/ruhtra/Downloads/test/E4-Algo_geo/CMakeFiles/CMakeTmp

Run Build Command:"/usr/bin/make" "cmTC_11041/fast"
make[1]: Entering directory '/home/ruhtra/Downloads/test/E4-Algo_geo/CMakeFiles/CMakeTmp'
/usr/bin/make -f CMakeFiles/cmTC_11041.dir/build.make CMakeFiles/cmTC_11041.dir/build
make[2]: Entering directory '/home/ruhtra/Downloads/test/E4-Algo_geo/CMakeFiles/CMakeTmp'
Building C object CMakeFiles/cmTC_11041.dir/feature_tests.c.o
/usr/bin/cc    -std=c90 -o CMakeFiles/cmTC_11041.dir/feature_tests.c.o   -c /home/ruhtra/Downloads/test/E4-Algo_geo/CMakeFiles/feature_tests.c
Linking C executable cmTC_11041
/usr/bin/cmake -E cmake_link_script CMakeFiles/cmTC_11041.dir/link.txt --verbose=1
/usr/bin/cc       CMakeFiles/cmTC_11041.dir/feature_tests.c.o  -o cmTC_11041 -rdynamic 
make[2]: Leaving directory '/home/ruhtra/Downloads/test/E4-Algo_geo/CMakeFiles/CMakeTmp'
make[1]: Leaving directory '/home/ruhtra/Downloads/test/E4-Algo_geo/CMakeFiles/CMakeTmp'


    Feature record: C_FEATURE:1c_function_prototypes
    Feature record: C_FEATURE:0c_restrict
    Feature record: C_FEATURE:0c_static_assert
    Feature record: C_FEATURE:0c_variadic_macros
Determining if the CXX compiler works passed with the following output:
Change Dir: /home/ruhtra/Downloads/test/E4-Algo_geo/CMakeFiles/CMakeTmp

Run Build Command:"/usr/bin/make" "cmTC_275c9/fast"
make[1]: Entering directory '/home/ruhtra/Downloads/test/E4-Algo_geo/CMakeFiles/CMakeTmp'
/usr/bin/make -f CMakeFiles/cmTC_275c9.dir/build.make CMakeFiles/cmTC_275c9.dir/build
make[2]: Entering directory '/home/ruhtra/Downloads/test/E4-Algo_geo/CMakeFiles/CMakeTmp'
Building CXX object CMakeFiles/cmTC_275c9.dir/testCXXCompiler.cxx.o
/usr/bin/c++      -o CMakeFiles/cmTC_275c9.dir/testCXXCompiler.cxx.o -c /home/ruhtra/Downloads/test/E4-Algo_geo/CMakeFiles/CMakeTmp/testCXXCompiler.cxx
Linking CXX executable cmTC_275c9
/usr/bin/cmake -E cmake_link_script CMakeFiles/cmTC_275c9.dir/link.txt --verbose=1
/usr/bin/c++        CMakeFiles/cmTC_275c9.dir/testCXXCompiler.cxx.o  -o cmTC_275c9 -rdynamic 
make[2]: Leaving directory '/home/ruhtra/Downloads/test/E4-Algo_geo/CMakeFiles/CMakeTmp'
make[1]: Leaving directory '/home/ruhtra/Downloads/test/E4-Algo_geo/CMakeFiles/CMakeTmp'


Detecting CXX compiler ABI info compiled with the following output:
Change Dir: /home/ruhtra/Downloads/test/E4-Algo_geo/CMakeFiles/CMakeTmp

Run Build Command:"/usr/bin/make" "cmTC_15f4c/fast"
make[1]: Entering directory '/home/ruhtra/Downloads/test/E4-Algo_geo/CMakeFiles/CMakeTmp'
/usr/bin/make -f CMakeFiles/cmTC_15f4c.dir/build.make CMakeFiles/cmTC_15f4c.dir/build
make[2]: Entering directory '/home/ruhtra/Downloads/test/E4-Algo_geo/CMakeFiles/CMakeTmp'
Building CXX object CMakeFiles/cmTC_15f4c.dir/CMakeCXXCompilerABI.cpp.o
/usr/bin/c++      -o CMakeFiles/cmTC_15f4c.dir/CMakeCXXCompilerABI.cpp.o -c /usr/share/cmake-3.7/Modules/CMakeCXXCompilerABI.cpp
Linking CXX executable cmTC_15f4c
/usr/bin/cmake -E cmake_link_script CMakeFiles/cmTC_15f4c.dir/link.txt --verbose=1
/usr/bin/c++       -v CMakeFiles/cmTC_15f4c.dir/CMakeCXXCompilerABI.cpp.o  -o cmTC_15f4c -rdynamic  
Using built-in specs.
COLLECT_GCC=/usr/bin/c++
COLLECT_LTO_WRAPPER=/usr/lib/gcc/x86_64-pc-linux-gnu/6.3.1/lto-wrapper
Target: x86_64-pc-linux-gnu
Configured with: /build/gcc-multilib/src/gcc/configure --prefix=/usr --libdir=/usr/lib --libexecdir=/usr/lib --mandir=/usr/share/man --infodir=/usr/share/info --with-bugurl=https://bugs.archlinux.org/ --enable-languages=c,c++,ada,fortran,go,lto,objc,obj-c++ --enable-shared --enable-threads=posix --enable-libmpx --with-system-zlib --with-isl --enable-__cxa_atexit --disable-libunwind-exceptions --enable-clocale=gnu --disable-libstdcxx-pch --disable-libssp --enable-gnu-unique-object --enable-linker-build-id --enable-lto --enable-plugin --enable-install-libiberty --with-linker-hash-style=gnu --enable-gnu-indirect-function --enable-multilib --disable-werror --enable-checking=release
Thread model: posix
gcc version 6.3.1 20170109 (GCC) 
COMPILER_PATH=/usr/lib/gcc/x86_64-pc-linux-gnu/6.3.1/:/usr/lib/gcc/x86_64-pc-linux-gnu/6.3.1/:/usr/lib/gcc/x86_64-pc-linux-gnu/:/usr/lib/gcc/x86_64-pc-linux-gnu/6.3.1/:/usr/lib/gcc/x86_64-pc-linux-gnu/
LIBRARY_PATH=/usr/lib/gcc/x86_64-pc-linux-gnu/6.3.1/:/usr/lib/gcc/x86_64-pc-linux-gnu/6.3.1/../../../../lib/:/lib/../lib/:/usr/lib/../lib/:/usr/lib/gcc/x86_64-pc-linux-gnu/6.3.1/../../../:/lib/:/usr/lib/
COLLECT_GCC_OPTIONS='-v' '-o' 'cmTC_15f4c' '-rdynamic' '-shared-libgcc' '-mtune=generic' '-march=x86-64'
 /usr/lib/gcc/x86_64-pc-linux-gnu/6.3.1/collect2 -plugin /usr/lib/gcc/x86_64-pc-linux-gnu/6.3.1/liblto_plugin.so -plugin-opt=/usr/lib/gcc/x86_64-pc-linux-gnu/6.3.1/lto-wrapper -plugin-opt=-fresolution=/tmp/ccJyzi7k.res -plugin-opt=-pass-through=-lgcc_s -plugin-opt=-pass-through=-lgcc -plugin-opt=-pass-through=-lc -plugin-opt=-pass-through=-lgcc_s -plugin-opt=-pass-through=-lgcc --build-id --eh-frame-hdr --hash-style=gnu -m elf_x86_64 -export-dynamic -dynamic-linker /lib64/ld-linux-x86-64.so.2 -o cmTC_15f4c /usr/lib/gcc/x86_64-pc-linux-gnu/6.3.1/../../../../lib/crt1.o /usr/lib/gcc/x86_64-pc-linux-gnu/6.3.1/../../../../lib/crti.o /usr/lib/gcc/x86_64-pc-linux-gnu/6.3.1/crtbegin.o -L/usr/lib/gcc/x86_64-pc-linux-gnu/6.3.1 -L/usr/lib/gcc/x86_64-pc-linux-gnu/6.3.1/../../../../lib -L/lib/../lib -L/usr/lib/../lib -L/usr/lib/gcc/x86_64-pc-linux-gnu/6.3.1/../../.. CMakeFiles/cmTC_15f4c.dir/CMakeCXXCompilerABI.cpp.o -lstdc++ -lm -lgcc_s -lgcc -lc -lgcc_s -lgcc /usr/lib/gcc/x86_64-pc-linux-gnu/6.3.1/crtend.o /usr/lib/gcc/x86_64-pc-linux-gnu/6.3.1/../../../../lib/crtn.o
COLLECT_GCC_OPTIONS='-v' '-o' 'cmTC_15f4c' '-rdynamic' '-shared-libgcc' '-mtune=generic' '-march=x86-64'
make[2]: Leaving directory '/home/ruhtra/Downloads/test/E4-Algo_geo/CMakeFiles/CMakeTmp'
make[1]: Leaving directory '/home/ruhtra/Downloads/test/E4-Algo_geo/CMakeFiles/CMakeTmp'


Parsed CXX implicit link information from above output:
  link line regex: [^( *|.*[/\])(ld|([^/\]+-)?ld|collect2)[^/\]*( |$)]
  ignore line: [Change Dir: /home/ruhtra/Downloads/test/E4-Algo_geo/CMakeFiles/CMakeTmp]
  ignore line: []
  ignore line: [Run Build Command:"/usr/bin/make" "cmTC_15f4c/fast"]
  ignore line: [make[1]: Entering directory '/home/ruhtra/Downloads/test/E4-Algo_geo/CMakeFiles/CMakeTmp']
  ignore line: [/usr/bin/make -f CMakeFiles/cmTC_15f4c.dir/build.make CMakeFiles/cmTC_15f4c.dir/build]
  ignore line: [make[2]: Entering directory '/home/ruhtra/Downloads/test/E4-Algo_geo/CMakeFiles/CMakeTmp']
  ignore line: [Building CXX object CMakeFiles/cmTC_15f4c.dir/CMakeCXXCompilerABI.cpp.o]
  ignore line: [/usr/bin/c++      -o CMakeFiles/cmTC_15f4c.dir/CMakeCXXCompilerABI.cpp.o -c /usr/share/cmake-3.7/Modules/CMakeCXXCompilerABI.cpp]
  ignore line: [Linking CXX executable cmTC_15f4c]
  ignore line: [/usr/bin/cmake -E cmake_link_script CMakeFiles/cmTC_15f4c.dir/link.txt --verbose=1]
  ignore line: [/usr/bin/c++       -v CMakeFiles/cmTC_15f4c.dir/CMakeCXXCompilerABI.cpp.o  -o cmTC_15f4c -rdynamic  ]
  ignore line: [Using built-in specs.]
  ignore line: [COLLECT_GCC=/usr/bin/c++]
  ignore line: [COLLECT_LTO_WRAPPER=/usr/lib/gcc/x86_64-pc-linux-gnu/6.3.1/lto-wrapper]
  ignore line: [Target: x86_64-pc-linux-gnu]
  ignore line: [Configured with: /build/gcc-multilib/src/gcc/configure --prefix=/usr --libdir=/usr/lib --libexecdir=/usr/lib --mandir=/usr/share/man --infodir=/usr/share/info --with-bugurl=https://bugs.archlinux.org/ --enable-languages=c,c++,ada,fortran,go,lto,objc,obj-c++ --enable-shared --enable-threads=posix --enable-libmpx --with-system-zlib --with-isl --enable-__cxa_atexit --disable-libunwind-exceptions --enable-clocale=gnu --disable-libstdcxx-pch --disable-libssp --enable-gnu-unique-object --enable-linker-build-id --enable-lto --enable-plugin --enable-install-libiberty --with-linker-hash-style=gnu --enable-gnu-indirect-function --enable-multilib --disable-werror --enable-checking=release]
  ignore line: [Thread model: posix]
  ignore line: [gcc version 6.3.1 20170109 (GCC) ]
  ignore line: [COMPILER_PATH=/usr/lib/gcc/x86_64-pc-linux-gnu/6.3.1/:/usr/lib/gcc/x86_64-pc-linux-gnu/6.3.1/:/usr/lib/gcc/x86_64-pc-linux-gnu/:/usr/lib/gcc/x86_64-pc-linux-gnu/6.3.1/:/usr/lib/gcc/x86_64-pc-linux-gnu/]
  ignore line: [LIBRARY_PATH=/usr/lib/gcc/x86_64-pc-linux-gnu/6.3.1/:/usr/lib/gcc/x86_64-pc-linux-gnu/6.3.1/../../../../lib/:/lib/../lib/:/usr/lib/../lib/:/usr/lib/gcc/x86_64-pc-linux-gnu/6.3.1/../../../:/lib/:/usr/lib/]
  ignore line: [COLLECT_GCC_OPTIONS='-v' '-o' 'cmTC_15f4c' '-rdynamic' '-shared-libgcc' '-mtune=generic' '-march=x86-64']
  link line: [ /usr/lib/gcc/x86_64-pc-linux-gnu/6.3.1/collect2 -plugin /usr/lib/gcc/x86_64-pc-linux-gnu/6.3.1/liblto_plugin.so -plugin-opt=/usr/lib/gcc/x86_64-pc-linux-gnu/6.3.1/lto-wrapper -plugin-opt=-fresolution=/tmp/ccJyzi7k.res -plugin-opt=-pass-through=-lgcc_s -plugin-opt=-pass-through=-lgcc -plugin-opt=-pass-through=-lc -plugin-opt=-pass-through=-lgcc_s -plugin-opt=-pass-through=-lgcc --build-id --eh-frame-hdr --hash-style=gnu -m elf_x86_64 -export-dynamic -dynamic-linker /lib64/ld-linux-x86-64.so.2 -o cmTC_15f4c /usr/lib/gcc/x86_64-pc-linux-gnu/6.3.1/../../../../lib/crt1.o /usr/lib/gcc/x86_64-pc-linux-gnu/6.3.1/../../../../lib/crti.o /usr/lib/gcc/x86_64-pc-linux-gnu/6.3.1/crtbegin.o -L/usr/lib/gcc/x86_64-pc-linux-gnu/6.3.1 -L/usr/lib/gcc/x86_64-pc-linux-gnu/6.3.1/../../../../lib -L/lib/../lib -L/usr/lib/../lib -L/usr/lib/gcc/x86_64-pc-linux-gnu/6.3.1/../../.. CMakeFiles/cmTC_15f4c.dir/CMakeCXXCompilerABI.cpp.o -lstdc++ -lm -lgcc_s -lgcc -lc -lgcc_s -lgcc /usr/lib/gcc/x86_64-pc-linux-gnu/6.3.1/crtend.o /usr/lib/gcc/x86_64-pc-linux-gnu/6.3.1/../../../../lib/crtn.o]
    arg [/usr/lib/gcc/x86_64-pc-linux-gnu/6.3.1/collect2] ==> ignore
    arg [-plugin] ==> ignore
    arg [/usr/lib/gcc/x86_64-pc-linux-gnu/6.3.1/liblto_plugin.so] ==> ignore
    arg [-plugin-opt=/usr/lib/gcc/x86_64-pc-linux-gnu/6.3.1/lto-wrapper] ==> ignore
    arg [-plugin-opt=-fresolution=/tmp/ccJyzi7k.res] ==> ignore
    arg [-plugin-opt=-pass-through=-lgcc_s] ==> ignore
    arg [-plugin-opt=-pass-through=-lgcc] ==> ignore
    arg [-plugin-opt=-pass-through=-lc] ==> ignore
    arg [-plugin-opt=-pass-through=-lgcc_s] ==> ignore
    arg [-plugin-opt=-pass-through=-lgcc] ==> ignore
    arg [--build-id] ==> ignore
    arg [--eh-frame-hdr] ==> ignore
    arg [--hash-style=gnu] ==> ignore
    arg [-m] ==> ignore
    arg [elf_x86_64] ==> ignore
    arg [-export-dynamic] ==> ignore
    arg [-dynamic-linker] ==> ignore
    arg [/lib64/ld-linux-x86-64.so.2] ==> ignore
    arg [-o] ==> ignore
    arg [cmTC_15f4c] ==> ignore
    arg [/usr/lib/gcc/x86_64-pc-linux-gnu/6.3.1/../../../../lib/crt1.o] ==> ignore
    arg [/usr/lib/gcc/x86_64-pc-linux-gnu/6.3.1/../../../../lib/crti.o] ==> ignore
    arg [/usr/lib/gcc/x86_64-pc-linux-gnu/6.3.1/crtbegin.o] ==> ignore
    arg [-L/usr/lib/gcc/x86_64-pc-linux-gnu/6.3.1] ==> dir [/usr/lib/gcc/x86_64-pc-linux-gnu/6.3.1]
    arg [-L/usr/lib/gcc/x86_64-pc-linux-gnu/6.3.1/../../../../lib] ==> dir [/usr/lib/gcc/x86_64-pc-linux-gnu/6.3.1/../../../../lib]
    arg [-L/lib/../lib] ==> dir [/lib/../lib]
    arg [-L/usr/lib/../lib] ==> dir [/usr/lib/../lib]
    arg [-L/usr/lib/gcc/x86_64-pc-linux-gnu/6.3.1/../../..] ==> dir [/usr/lib/gcc/x86_64-pc-linux-gnu/6.3.1/../../..]
    arg [CMakeFiles/cmTC_15f4c.dir/CMakeCXXCompilerABI.cpp.o] ==> ignore
    arg [-lstdc++] ==> lib [stdc++]
    arg [-lm] ==> lib [m]
    arg [-lgcc_s] ==> lib [gcc_s]
    arg [-lgcc] ==> lib [gcc]
    arg [-lc] ==> lib [c]
    arg [-lgcc_s] ==> lib [gcc_s]
    arg [-lgcc] ==> lib [gcc]
    arg [/usr/lib/gcc/x86_64-pc-linux-gnu/6.3.1/crtend.o] ==> ignore
    arg [/usr/lib/gcc/x86_64-pc-linux-gnu/6.3.1/../../../../lib/crtn.o] ==> ignore
  remove lib [gcc_s]
  remove lib [gcc]
  remove lib [gcc_s]
  remove lib [gcc]
  collapse library dir [/usr/lib/gcc/x86_64-pc-linux-gnu/6.3.1] ==> [/usr/lib/gcc/x86_64-pc-linux-gnu/6.3.1]
  collapse library dir [/usr/lib/gcc/x86_64-pc-linux-gnu/6.3.1/../../../../lib] ==> [/usr/lib]
  collapse library dir [/lib/../lib] ==> [/lib]
  collapse library dir [/usr/lib/../lib] ==> [/usr/lib]
  collapse library dir [/usr/lib/gcc/x86_64-pc-linux-gnu/6.3.1/../../..] ==> [/usr/lib]
  implicit libs: [stdc++;m;c]
  implicit dirs: [/usr/lib/gcc/x86_64-pc-linux-gnu/6.3.1;/usr/lib;/lib]
  implicit fwks: []




Detecting CXX [-std=c++14] compiler features compiled with the following output:
Change Dir: /home/ruhtra/Downloads/test/E4-Algo_geo/CMakeFiles/CMakeTmp

Run Build Command:"/usr/bin/make" "cmTC_654e5/fast"
make[1]: Entering directory '/home/ruhtra/Downloads/test/E4-Algo_geo/CMakeFiles/CMakeTmp'
/usr/bin/make -f CMakeFiles/cmTC_654e5.dir/build.make CMakeFiles/cmTC_654e5.dir/build
make[2]: Entering directory '/home/ruhtra/Downloads/test/E4-Algo_geo/CMakeFiles/CMakeTmp'
Building CXX object CMakeFiles/cmTC_654e5.dir/feature_tests.cxx.o
/usr/bin/c++     -std=c++14 -o CMakeFiles/cmTC_654e5.dir/feature_tests.cxx.o -c /home/ruhtra/Downloads/test/E4-Algo_geo/CMakeFiles/feature_tests.cxx
Linking CXX executable cmTC_654e5
/usr/bin/cmake -E cmake_link_script CMakeFiles/cmTC_654e5.dir/link.txt --verbose=1
/usr/bin/c++        CMakeFiles/cmTC_654e5.dir/feature_tests.cxx.o  -o cmTC_654e5 -rdynamic 
make[2]: Leaving directory '/home/ruhtra/Downloads/test/E4-Algo_geo/CMakeFiles/CMakeTmp'
make[1]: Leaving directory '/home/ruhtra/Downloads/test/E4-Algo_geo/CMakeFiles/CMakeTmp'


    Feature record: CXX_FEATURE:1cxx_aggregate_default_initializers
    Feature record: CXX_FEATURE:1cxx_alias_templates
    Feature record: CXX_FEATURE:1cxx_alignas
    Feature record: CXX_FEATURE:1cxx_alignof
    Feature record: CXX_FEATURE:1cxx_attributes
    Feature record: CXX_FEATURE:1cxx_attribute_deprecated
    Feature record: CXX_FEATURE:1cxx_auto_type
    Feature record: CXX_FEATURE:1cxx_binary_literals
    Feature record: CXX_FEATURE:1cxx_constexpr
    Feature record: CXX_FEATURE:1cxx_contextual_conversions
    Feature record: CXX_FEATURE:1cxx_decltype
    Feature record: CXX_FEATURE:1cxx_decltype_auto
    Feature record: CXX_FEATURE:1cxx_decltype_incomplete_return_types
    Feature record: CXX_FEATURE:1cxx_default_function_template_args
    Feature record: CXX_FEATURE:1cxx_defaulted_functions
    Feature record: CXX_FEATURE:1cxx_defaulted_move_initializers
    Feature record: CXX_FEATURE:1cxx_delegating_constructors
    Feature record: CXX_FEATURE:1cxx_deleted_functions
    Feature record: CXX_FEATURE:1cxx_digit_separators
    Feature record: CXX_FEATURE:1cxx_enum_forward_declarations
    Feature record: CXX_FEATURE:1cxx_explicit_conversions
    Feature record: CXX_FEATURE:1cxx_extended_friend_declarations
    Feature record: CXX_FEATURE:1cxx_extern_templates
    Feature record: CXX_FEATURE:1cxx_final
    Feature record: CXX_FEATURE:1cxx_func_identifier
    Feature record: CXX_FEATURE:1cxx_generalized_initializers
    Feature record: CXX_FEATURE:1cxx_generic_lambdas
    Feature record: CXX_FEATURE:1cxx_inheriting_constructors
    Feature record: CXX_FEATURE:1cxx_inline_namespaces
    Feature record: CXX_FEATURE:1cxx_lambdas
    Feature record: CXX_FEATURE:1cxx_lambda_init_captures
    Feature record: CXX_FEATURE:1cxx_local_type_template_args
    Feature record: CXX_FEATURE:1cxx_long_long_type
    Feature record: CXX_FEATURE:1cxx_noexcept
    Feature record: CXX_FEATURE:1cxx_nonstatic_member_init
    Feature record: CXX_FEATURE:1cxx_nullptr
    Feature record: CXX_FEATURE:1cxx_override
    Feature record: CXX_FEATURE:1cxx_range_for
    Feature record: CXX_FEATURE:1cxx_raw_string_literals
    Feature record: CXX_FEATURE:1cxx_reference_qualified_functions
    Feature record: CXX_FEATURE:1cxx_relaxed_constexpr
    Feature record: CXX_FEATURE:1cxx_return_type_deduction
    Feature record: CXX_FEATURE:1cxx_right_angle_brackets
    Feature record: CXX_FEATURE:1cxx_rvalue_references
    Feature record: CXX_FEATURE:1cxx_sizeof_member
    Feature record: CXX_FEATURE:1cxx_static_assert
    Feature record: CXX_FEATURE:1cxx_strong_enums
    Feature record: CXX_FEATURE:1cxx_template_template_parameters
    Feature record: CXX_FEATURE:1cxx_thread_local
    Feature record: CXX_FEATURE:1cxx_trailing_return_types
    Feature record: CXX_FEATURE:1cxx_unicode_literals
    Feature record: CXX_FEATURE:1cxx_uniform_initialization
    Feature record: CXX_FEATURE:1cxx_unrestricted_unions
    Feature record: CXX_FEATURE:1cxx_user_literals
    Feature record: CXX_FEATURE:1cxx_variable_templates
    Feature record: CXX_FEATURE:1cxx_variadic_macros
    Feature record: CXX_FEATURE:1cxx_variadic_templates


Detecting CXX [-std=c++11] compiler features compiled with the following output:
Change Dir: /home/ruhtra/Downloads/test/E4-Algo_geo/CMakeFiles/CMakeTmp

Run Build Command:"/usr/bin/make" "cmTC_193b1/fast"
make[1]: Entering directory '/home/ruhtra/Downloads/test/E4-Algo_geo/CMakeFiles/CMakeTmp'
/usr/bin/make -f CMakeFiles/cmTC_193b1.dir/build.make CMakeFiles/cmTC_193b1.dir/build
make[2]: Entering directory '/home/ruhtra/Downloads/test/E4-Algo_geo/CMakeFiles/CMakeTmp'
Building CXX object CMakeFiles/cmTC_193b1.dir/feature_tests.cxx.o
/usr/bin/c++     -std=c++11 -o CMakeFiles/cmTC_193b1.dir/feature_tests.cxx.o -c /home/ruhtra/Downloads/test/E4-Algo_geo/CMakeFiles/feature_tests.cxx
Linking CXX executable cmTC_193b1
/usr/bin/cmake -E cmake_link_script CMakeFiles/cmTC_193b1.dir/link.txt --verbose=1
/usr/bin/c++        CMakeFiles/cmTC_193b1.dir/feature_tests.cxx.o  -o cmTC_193b1 -rdynamic 
make[2]: Leaving directory '/home/ruhtra/Downloads/test/E4-Algo_geo/CMakeFiles/CMakeTmp'
make[1]: Leaving directory '/home/ruhtra/Downloads/test/E4-Algo_geo/CMakeFiles/CMakeTmp'


    Feature record: CXX_FEATURE:0cxx_aggregate_default_initializers
    Feature record: CXX_FEATURE:1cxx_alias_templates
    Feature record: CXX_FEATURE:1cxx_alignas
    Feature record: CXX_FEATURE:1cxx_alignof
    Feature record: CXX_FEATURE:1cxx_attributes
    Feature record: CXX_FEATURE:0cxx_attribute_deprecated
    Feature record: CXX_FEATURE:1cxx_auto_type
    Feature record: CXX_FEATURE:0cxx_binary_literals
    Feature record: CXX_FEATURE:1cxx_constexpr
    Feature record: CXX_FEATURE:0cxx_contextual_conversions
    Feature record: CXX_FEATURE:1cxx_decltype
    Feature record: CXX_FEATURE:0cxx_decltype_auto
    Feature record: CXX_FEATURE:1cxx_decltype_incomplete_return_types
    Feature record: CXX_FEATURE:1cxx_default_function_template_args
    Feature record: CXX_FEATURE:1cxx_defaulted_functions
    Feature record: CXX_FEATURE:1cxx_defaulted_move_initializers
    Feature record: CXX_FEATURE:1cxx_delegating_constructors
    Feature record: CXX_FEATURE:1cxx_deleted_functions
    Feature record: CXX_FEATURE:0cxx_digit_separators
    Feature record: CXX_FEATURE:1cxx_enum_forward_declarations
    Feature record: CXX_FEATURE:1cxx_explicit_conversions
    Feature record: CXX_FEATURE:1cxx_extended_friend_declarations
    Feature record: CXX_FEATURE:1cxx_extern_templates
    Feature record: CXX_FEATURE:1cxx_final
    Feature record: CXX_FEATURE:1cxx_func_identifier
    Feature record: CXX_FEATURE:1cxx_generalized_initializers
    Feature record: CXX_FEATURE:0cxx_generic_lambdas
    Feature record: CXX_FEATURE:1cxx_inheriting_constructors
    Feature record: CXX_FEATURE:1cxx_inline_namespaces
    Feature record: CXX_FEATURE:1cxx_lambdas
    Feature record: CXX_FEATURE:0cxx_lambda_init_captures
    Feature record: CXX_FEATURE:1cxx_local_type_template_args
    Feature record: CXX_FEATURE:1cxx_long_long_type
    Feature record: CXX_FEATURE:1cxx_noexcept
    Feature record: CXX_FEATURE:1cxx_nonstatic_member_init
    Feature record: CXX_FEATURE:1cxx_nullptr
    Feature record: CXX_FEATURE:1cxx_override
    Feature record: CXX_FEATURE:1cxx_range_for
    Feature record: CXX_FEATURE:1cxx_raw_string_literals
    Feature record: CXX_FEATURE:1cxx_reference_qualified_functions
    Feature record: CXX_FEATURE:0cxx_relaxed_constexpr
    Feature record: CXX_FEATURE:0cxx_return_type_deduction
    Feature record: CXX_FEATURE:1cxx_right_angle_brackets
    Feature record: CXX_FEATURE:1cxx_rvalue_references
    Feature record: CXX_FEATURE:1cxx_sizeof_member
    Feature record: CXX_FEATURE:1cxx_static_assert
    Feature record: CXX_FEATURE:1cxx_strong_enums
    Feature record: CXX_FEATURE:1cxx_template_template_parameters
    Feature record: CXX_FEATURE:1cxx_thread_local
    Feature record: CXX_FEATURE:1cxx_trailing_return_types
    Feature record: CXX_FEATURE:1cxx_unicode_literals
    Feature record: CXX_FEATURE:1cxx_uniform_initialization
    Feature record: CXX_FEATURE:1cxx_unrestricted_unions
    Feature record: CXX_FEATURE:1cxx_user_literals
    Feature record: CXX_FEATURE:0cxx_variable_templates
    Feature record: CXX_FEATURE:1cxx_variadic_macros
    Feature record: CXX_FEATURE:1cxx_variadic_templates


Detecting CXX [-std=c++98] compiler features compiled with the following output:
Change Dir: /home/ruhtra/Downloads/test/E4-Algo_geo/CMakeFiles/CMakeTmp

Run Build Command:"/usr/bin/make" "cmTC_e197f/fast"
make[1]: Entering directory '/home/ruhtra/Downloads/test/E4-Algo_geo/CMakeFiles/CMakeTmp'
/usr/bin/make -f CMakeFiles/cmTC_e197f.dir/build.make CMakeFiles/cmTC_e197f.dir/build
make[2]: Entering directory '/home/ruhtra/Downloads/test/E4-Algo_geo/CMakeFiles/CMakeTmp'
Building CXX object CMakeFiles/cmTC_e197f.dir/feature_tests.cxx.o
/usr/bin/c++     -std=c++98 -o CMakeFiles/cmTC_e197f.dir/feature_tests.cxx.o -c /home/ruhtra/Downloads/test/E4-Algo_geo/CMakeFiles/feature_tests.cxx
Linking CXX executable cmTC_e197f
/usr/bin/cmake -E cmake_link_script CMakeFiles/cmTC_e197f.dir/link.txt --verbose=1
/usr/bin/c++        CMakeFiles/cmTC_e197f.dir/feature_tests.cxx.o  -o cmTC_e197f -rdynamic 
make[2]: Leaving directory '/home/ruhtra/Downloads/test/E4-Algo_geo/CMakeFiles/CMakeTmp'
make[1]: Leaving directory '/home/ruhtra/Downloads/test/E4-Algo_geo/CMakeFiles/CMakeTmp'


    Feature record: CXX_FEATURE:0cxx_aggregate_default_initializers
    Feature record: CXX_FEATURE:0cxx_alias_templates
    Feature record: CXX_FEATURE:0cxx_alignas
    Feature record: CXX_FEATURE:0cxx_alignof
    Feature record: CXX_FEATURE:0cxx_attributes
    Feature record: CXX_FEATURE:0cxx_attribute_deprecated
    Feature record: CXX_FEATURE:0cxx_auto_type
    Feature record: CXX_FEATURE:0cxx_binary_literals
    Feature record: CXX_FEATURE:0cxx_constexpr
    Feature record: CXX_FEATURE:0cxx_contextual_conversions
    Feature record: CXX_FEATURE:0cxx_decltype
    Feature record: CXX_FEATURE:0cxx_decltype_auto
    Feature record: CXX_FEATURE:0cxx_decltype_incomplete_return_types
    Feature record: CXX_FEATURE:0cxx_default_function_template_args
    Feature record: CXX_FEATURE:0cxx_defaulted_functions
    Feature record: CXX_FEATURE:0cxx_defaulted_move_initializers
    Feature record: CXX_FEATURE:0cxx_delegating_constructors
    Feature record: CXX_FEATURE:0cxx_deleted_functions
    Feature record: CXX_FEATURE:0cxx_digit_separators
    Feature record: CXX_FEATURE:0cxx_enum_forward_declarations
    Feature record: CXX_FEATURE:0cxx_explicit_conversions
    Feature record: CXX_FEATURE:0cxx_extended_friend_declarations
    Feature record: CXX_FEATURE:0cxx_extern_templates
    Feature record: CXX_FEATURE:0cxx_final
    Feature record: CXX_FEATURE:0cxx_func_identifier
    Feature record: CXX_FEATURE:0cxx_generalized_initializers
    Feature record: CXX_FEATURE:0cxx_generic_lambdas
    Feature record: CXX_FEATURE:0cxx_inheriting_constructors
    Feature record: CXX_FEATURE:0cxx_inline_namespaces
    Feature record: CXX_FEATURE:0cxx_lambdas
    Feature record: CXX_FEATURE:0cxx_lambda_init_captures
    Feature record: CXX_FEATURE:0cxx_local_type_template_args
    Feature record: CXX_FEATURE:0cxx_long_long_type
    Feature record: CXX_FEATURE:0cxx_noexcept
    Feature record: CXX_FEATURE:0cxx_nonstatic_member_init
    Feature record: CXX_FEATURE:0cxx_nullptr
    Feature record: CXX_FEATURE:0cxx_override
    Feature record: CXX_FEATURE:0cxx_range_for
    Feature record: CXX_FEATURE:0cxx_raw_string_literals
    Feature record: CXX_FEATURE:0cxx_reference_qualified_functions
    Feature record: CXX_FEATURE:0cxx_relaxed_constexpr
    Feature record: CXX_FEATURE:0cxx_return_type_deduction
    Feature record: CXX_FEATURE:0cxx_right_angle_brackets
    Feature record: CXX_FEATURE:0cxx_rvalue_references
    Feature record: CXX_FEATURE:0cxx_sizeof_member
    Feature record: CXX_FEATURE:0cxx_static_assert
    Feature record: CXX_FEATURE:0cxx_strong_enums
    Feature record: CXX_FEATURE:1cxx_template_template_parameters
    Feature record: CXX_FEATURE:0cxx_thread_local
    Feature record: CXX_FEATURE:0cxx_trailing_return_types
    Feature record: CXX_FEATURE:0cxx_unicode_literals
    Feature record: CXX_FEATURE:0cxx_uniform_initialization
    Feature record: CXX_FEATURE:0cxx_unrestricted_unions
    Feature record: CXX_FEATURE:0cxx_user_literals
    Feature record: CXX_FEATURE:0cxx_variable_templates
    Feature record: CXX_FEATURE:0cxx_variadic_macros
    Feature record: CXX_FEATURE:0cxx_variadic_templates
