Determining if the pthread_create exist failed with the following output:
Change Dir: /home/ruhtra/Downloads/test/E4-Algo_geo/CMakeFiles/CMakeTmp

Run Build Command:"/usr/bin/make" "cmTC_275ce/fast"
/usr/bin/make -f CMakeFiles/cmTC_275ce.dir/build.make CMakeFiles/cmTC_275ce.dir/build
make[1]: Entering directory '/home/ruhtra/Downloads/test/E4-Algo_geo/CMakeFiles/CMakeTmp'
Building C object CMakeFiles/cmTC_275ce.dir/CheckSymbolExists.c.o
/usr/bin/cc     -o CMakeFiles/cmTC_275ce.dir/CheckSymbolExists.c.o   -c /home/ruhtra/Downloads/test/E4-Algo_geo/CMakeFiles/CMakeTmp/CheckSymbolExists.c
Linking C executable cmTC_275ce
/usr/bin/cmake -E cmake_link_script CMakeFiles/cmTC_275ce.dir/link.txt --verbose=1
/usr/bin/cc       CMakeFiles/cmTC_275ce.dir/CheckSymbolExists.c.o  -o cmTC_275ce -rdynamic 
CMakeFiles/cmTC_275ce.dir/CheckSymbolExists.c.o: In function `main':
CheckSymbolExists.c:(.text+0x16): undefined reference to `pthread_create'
collect2: error: ld returned 1 exit status
make[1]: *** [CMakeFiles/cmTC_275ce.dir/build.make:98: cmTC_275ce] Error 1
make[1]: Leaving directory '/home/ruhtra/Downloads/test/E4-Algo_geo/CMakeFiles/CMakeTmp'
make: *** [Makefile:126: cmTC_275ce/fast] Error 2

File /home/ruhtra/Downloads/test/E4-Algo_geo/CMakeFiles/CMakeTmp/CheckSymbolExists.c:
/* */
#include <pthread.h>

int main(int argc, char** argv)
{
  (void)argv;
#ifndef pthread_create
  return ((int*)(&pthread_create))[argc];
#else
  (void)argc;
  return 0;
#endif
}

Determining if the function pthread_create exists in the pthreads failed with the following output:
Change Dir: /home/ruhtra/Downloads/test/E4-Algo_geo/CMakeFiles/CMakeTmp

Run Build Command:"/usr/bin/make" "cmTC_b097c/fast"
/usr/bin/make -f CMakeFiles/cmTC_b097c.dir/build.make CMakeFiles/cmTC_b097c.dir/build
make[1]: Entering directory '/home/ruhtra/Downloads/test/E4-Algo_geo/CMakeFiles/CMakeTmp'
Building C object CMakeFiles/cmTC_b097c.dir/CheckFunctionExists.c.o
/usr/bin/cc    -DCHECK_FUNCTION_EXISTS=pthread_create   -o CMakeFiles/cmTC_b097c.dir/CheckFunctionExists.c.o   -c /usr/share/cmake-3.7/Modules/CheckFunctionExists.c
Linking C executable cmTC_b097c
/usr/bin/cmake -E cmake_link_script CMakeFiles/cmTC_b097c.dir/link.txt --verbose=1
/usr/bin/cc   -DCHECK_FUNCTION_EXISTS=pthread_create    CMakeFiles/cmTC_b097c.dir/CheckFunctionExists.c.o  -o cmTC_b097c -rdynamic -lpthreads 
/usr/bin/ld: cannot find -lpthreads
collect2: error: ld returned 1 exit status
make[1]: *** [CMakeFiles/cmTC_b097c.dir/build.make:98: cmTC_b097c] Error 1
make[1]: Leaving directory '/home/ruhtra/Downloads/test/E4-Algo_geo/CMakeFiles/CMakeTmp'
make: *** [Makefile:126: cmTC_b097c/fast] Error 2


Determining if the pthread_create exist failed with the following output:
Change Dir: /home/ruhtra/Downloads/test/E4-Algo_geo/CMakeFiles/CMakeTmp

Run Build Command:"/usr/bin/make" "cmTC_60450/fast"
make[1]: Entering directory '/home/ruhtra/Downloads/test/E4-Algo_geo/CMakeFiles/CMakeTmp'
/usr/bin/make -f CMakeFiles/cmTC_60450.dir/build.make CMakeFiles/cmTC_60450.dir/build
make[2]: Entering directory '/home/ruhtra/Downloads/test/E4-Algo_geo/CMakeFiles/CMakeTmp'
Building C object CMakeFiles/cmTC_60450.dir/CheckSymbolExists.c.o
/usr/bin/cc     -o CMakeFiles/cmTC_60450.dir/CheckSymbolExists.c.o   -c /home/ruhtra/Downloads/test/E4-Algo_geo/CMakeFiles/CMakeTmp/CheckSymbolExists.c
Linking C executable cmTC_60450
/usr/bin/cmake -E cmake_link_script CMakeFiles/cmTC_60450.dir/link.txt --verbose=1
/usr/bin/cc       CMakeFiles/cmTC_60450.dir/CheckSymbolExists.c.o  -o cmTC_60450 -rdynamic 
CMakeFiles/cmTC_60450.dir/CheckSymbolExists.c.o: In function `main':
CheckSymbolExists.c:(.text+0x16): undefined reference to `pthread_create'
collect2: error: ld returned 1 exit status
make[2]: *** [CMakeFiles/cmTC_60450.dir/build.make:98: cmTC_60450] Error 1
make[2]: Leaving directory '/home/ruhtra/Downloads/test/E4-Algo_geo/CMakeFiles/CMakeTmp'
make[1]: *** [Makefile:126: cmTC_60450/fast] Error 2
make[1]: Leaving directory '/home/ruhtra/Downloads/test/E4-Algo_geo/CMakeFiles/CMakeTmp'

File /home/ruhtra/Downloads/test/E4-Algo_geo/CMakeFiles/CMakeTmp/CheckSymbolExists.c:
/* */
#include <pthread.h>

int main(int argc, char** argv)
{
  (void)argv;
#ifndef pthread_create
  return ((int*)(&pthread_create))[argc];
#else
  (void)argc;
  return 0;
#endif
}

Determining if the function pthread_create exists in the pthreads failed with the following output:
Change Dir: /home/ruhtra/Downloads/test/E4-Algo_geo/CMakeFiles/CMakeTmp

Run Build Command:"/usr/bin/make" "cmTC_9fbf1/fast"
make[1]: Entering directory '/home/ruhtra/Downloads/test/E4-Algo_geo/CMakeFiles/CMakeTmp'
/usr/bin/make -f CMakeFiles/cmTC_9fbf1.dir/build.make CMakeFiles/cmTC_9fbf1.dir/build
make[2]: Entering directory '/home/ruhtra/Downloads/test/E4-Algo_geo/CMakeFiles/CMakeTmp'
Building C object CMakeFiles/cmTC_9fbf1.dir/CheckFunctionExists.c.o
/usr/bin/cc    -DCHECK_FUNCTION_EXISTS=pthread_create   -o CMakeFiles/cmTC_9fbf1.dir/CheckFunctionExists.c.o   -c /usr/share/cmake-3.7/Modules/CheckFunctionExists.c
Linking C executable cmTC_9fbf1
/usr/bin/cmake -E cmake_link_script CMakeFiles/cmTC_9fbf1.dir/link.txt --verbose=1
/usr/bin/cc   -DCHECK_FUNCTION_EXISTS=pthread_create    CMakeFiles/cmTC_9fbf1.dir/CheckFunctionExists.c.o  -o cmTC_9fbf1 -rdynamic -lpthreads 
/usr/bin/ld: cannot find -lpthreads
collect2: error: ld returned 1 exit status
make[2]: *** [CMakeFiles/cmTC_9fbf1.dir/build.make:98: cmTC_9fbf1] Error 1
make[2]: Leaving directory '/home/ruhtra/Downloads/test/E4-Algo_geo/CMakeFiles/CMakeTmp'
make[1]: *** [Makefile:126: cmTC_9fbf1/fast] Error 2
make[1]: Leaving directory '/home/ruhtra/Downloads/test/E4-Algo_geo/CMakeFiles/CMakeTmp'


